#
# There is insufficient memory for the Java Runtime Environment to continue.
# Native memory allocation (mmap) failed to map 136314880 bytes for Failed to commit area from 0x0000000095200000 to 0x000000009d400000 of length 136314880.
# Possible reasons:
#   The system is out of physical RAM or swap space
#   The process is running with CompressedOops enabled, and the Java Heap may be blocking the growth of the native heap
# Possible solutions:
#   Reduce memory load on the system
#   Increase physical memory or swap space
#   Check if swap backing store is full
#   Decrease Java heap size (-Xmx/-Xms)
#   Decrease number of Java threads
#   Decrease Java thread stack sizes (-Xss)
#   Set larger code cache with -XX:ReservedCodeCacheSize=
#   JVM is running with Unscaled Compressed Oops mode in which the Java heap is
#     placed in the first 4GB address space. The Java Heap base address is the
#     maximum limit for the native heap growth. Please use -XX:HeapBaseMinAddress
#     to set the Java Heap base and to place the Java Heap above 4GB virtual address.
# This output file may be truncated or incomplete.
#
#  Out of Memory Error (./src/hotspot/os/windows/os_windows.cpp:3301), pid=2612, tid=2336
#
# JRE version: OpenJDK Runtime Environment (11.0.10) (build 11.0.10+0-b96-7249189)
# Java VM: OpenJDK 64-Bit Server VM (11.0.10+0-b96-7249189, mixed mode, tiered, compressed oops, g1 gc, windows-amd64)
# No core dump will be written. Minidumps are not enabled by default on client versions of Windows
#

---------------  S U M M A R Y ------------

Command Line: --add-opens=java.base/java.util=ALL-UNNAMED --add-opens=java.base/java.lang=ALL-UNNAMED --add-opens=java.base/java.lang.invoke=ALL-UNNAMED --add-opens=java.base/java.util=ALL-UNNAMED --add-opens=java.prefs/java.util.prefs=ALL-UNNAMED --add-opens=java.prefs/java.util.prefs=ALL-UNNAMED --add-opens=java.base/java.nio.charset=ALL-UNNAMED --add-opens=java.base/java.net=ALL-UNNAMED --add-opens=java.base/java.util.concurrent.atomic=ALL-UNNAMED -Xmx2048m -Dfile.encoding=UTF-8 -Duser.country=US -Duser.language=en -Duser.variant org.gradle.launcher.daemon.bootstrap.GradleDaemon 7.0.2

Host: Intel(R) Core(TM) i3 CPU       M 380  @ 2.53GHz, 4 cores, 3G,  Windows 10 , 64 bit Build 19041 (10.0.19041.292)
Time: Tue Aug 24 08:06:03 2021 Pacific Daylight Time elapsed time: 112.088085 seconds (0d 0h 1m 52s)

---------------  T H R E A D  ---------------

Current thread (0x00000288d3117000):  VMThread "VM Thread" [stack: 0x000000fc97600000,0x000000fc97700000] [id=2336]

Stack: [0x000000fc97600000,0x000000fc97700000]
[error occurred during error reporting (printing stack bounds), id 0xc0000005, EXCEPTION_ACCESS_VIOLATION (0xc0000005) at pc=0x00000288bc930f3d]

Native frames: (J=compiled Java code, j=interpreted, Vv=VM code, C=native code)
V  [jvm.dll+0x5ecfaa]
V  [jvm.dll+0x722bd5]
V  [jvm.dll+0x72412d]
V  [jvm.dll+0x724745]
V  [jvm.dll+0x7246fb]
V  [jvm.dll+0x5ec348]
V  [jvm.dll+0x5ecad8]
C  [ntdll.dll+0xa00ef]
C  [ntdll.dll+0x4b474]
C  [ntdll.dll+0x9ec1e]
C  0x00000288bc930f3d

VM_Operation (0x000000fc988f9a20): G1CollectForAllocation, mode: safepoint, requested by thread 0x00000288d50d5000


---------------  P R O C E S S  ---------------

Threads class SMR info:
_java_thread_list=0x00000288dfdee530, length=52, elements={
0x00000288b8e38800, 0x00000288d311b800, 0x00000288d311c800, 0x00000288d3174800,
0x00000288d3177000, 0x00000288d3179000, 0x00000288d317e000, 0x00000288d3ae3800,
0x00000288d3ae6800, 0x00000288d3bea800, 0x00000288d5460800, 0x00000288d555e800,
0x00000288d6735800, 0x00000288d49c0800, 0x00000288d50d5000, 0x00000288d58f7000,
0x00000288d58f9800, 0x00000288d58f5800, 0x00000288d58f4000, 0x00000288d58f6800,
0x00000288d58f4800, 0x00000288d58b3000, 0x00000288d58b6800, 0x00000288d58b4800,
0x00000288d58b2800, 0x00000288d58bd800, 0x00000288d58bf800, 0x00000288d58bb800,
0x00000288d58b5800, 0x00000288d58b9000, 0x00000288d58b8000, 0x00000288d58b7000,
0x00000288d58be800, 0x00000288d58b9800, 0x00000288d58ba800, 0x00000288d58f9000,
0x00000288d58f3000, 0x00000288db325800, 0x00000288db325000, 0x00000288db323000,
0x00000288db322800, 0x00000288db328000, 0x00000288db320800, 0x00000288db32d000,
0x00000288db32e800, 0x00000288db32b800, 0x00000288db329800, 0x00000288db32a800,
0x00000288db32c000, 0x00000288d78d7800, 0x00000288d78d9800, 0x00000288d78da800
}

Java Threads: ( => current thread )
  0x00000288b8e38800 JavaThread "main" [_thread_blocked, id=6564, stack(0x000000fc97000000,0x000000fc97100000)]
  0x00000288d311b800 JavaThread "Reference Handler" daemon [_thread_blocked, id=10528, stack(0x000000fc97700000,0x000000fc97800000)]
  0x00000288d311c800 JavaThread "Finalizer" daemon [_thread_blocked, id=6616, stack(0x000000fc97800000,0x000000fc97900000)]
  0x00000288d3174800 JavaThread "Signal Dispatcher" daemon [_thread_blocked, id=13144, stack(0x000000fc97900000,0x000000fc97a00000)]
  0x00000288d3177000 JavaThread "Attach Listener" daemon [_thread_blocked, id=1236, stack(0x000000fc97a00000,0x000000fc97b00000)]
  0x00000288d3179000 JavaThread "Service Thread" daemon [_thread_blocked, id=4056, stack(0x000000fc97b00000,0x000000fc97c00000)]
  0x00000288d317e000 JavaThread "C2 CompilerThread0" daemon [_thread_blocked, id=10396, stack(0x000000fc97c00000,0x000000fc97d00000)]
  0x00000288d3ae3800 JavaThread "C1 CompilerThread0" daemon [_thread_blocked, id=1180, stack(0x000000fc97d00000,0x000000fc97e00000)]
  0x00000288d3ae6800 JavaThread "Sweeper thread" daemon [_thread_blocked, id=8296, stack(0x000000fc97e00000,0x000000fc97f00000)]
  0x00000288d3bea800 JavaThread "Common-Cleaner" daemon [_thread_blocked, id=4288, stack(0x000000fc97f00000,0x000000fc98000000)]
  0x00000288d5460800 JavaThread "Daemon health stats" [_thread_blocked, id=776, stack(0x000000fc98300000,0x000000fc98400000)]
  0x00000288d555e800 JavaThread "Incoming local TCP Connector on port 64187" [_thread_in_native, id=1728, stack(0x000000fc98100000,0x000000fc98200000)]
  0x00000288d6735800 JavaThread "Daemon periodic checks" [_thread_blocked, id=11440, stack(0x000000fc98400000,0x000000fc98500000)]
  0x00000288d49c0800 JavaThread "Daemon" [_thread_blocked, id=11740, stack(0x000000fc98500000,0x000000fc98600000)]
  0x00000288d50d5000 JavaThread "Daemon worker" [_thread_blocked, id=12424, stack(0x000000fc98800000,0x000000fc98900000)]
  0x00000288d58f7000 JavaThread "Cache worker for file hash cache (C:\Users\DELL\.gradle\caches\7.0.2\fileHashes)" [_thread_blocked, id=2056, stack(0x000000fc98e00000,0x000000fc98f00000)]
  0x00000288d58f9800 JavaThread "File lock request listener" [_thread_in_native, id=6740, stack(0x000000fc98f00000,0x000000fc99000000)]
  0x00000288d58f5800 JavaThread "Cache worker for journal cache (C:\Users\DELL\.gradle\caches\journal-1)" [_thread_blocked, id=7612, stack(0x000000fc99000000,0x000000fc99100000)]
  0x00000288d58f4000 JavaThread "File watcher server" daemon [_thread_blocked, id=1240, stack(0x000000fc99300000,0x000000fc99400000)]
  0x00000288d58f6800 JavaThread "File watcher consumer" daemon [_thread_blocked, id=3128, stack(0x000000fc99400000,0x000000fc99500000)]
  0x00000288d58f4800 JavaThread "jar transforms" [_thread_blocked, id=10716, stack(0x000000fc99500000,0x000000fc99600000)]
  0x00000288d58b3000 JavaThread "jar transforms Thread 2" [_thread_blocked, id=1884, stack(0x000000fc99600000,0x000000fc99700000)]
  0x00000288d58b6800 JavaThread "jar transforms Thread 3" [_thread_blocked, id=8988, stack(0x000000fc99700000,0x000000fc99800000)]
  0x00000288d58b4800 JavaThread "jar transforms Thread 4" [_thread_blocked, id=3932, stack(0x000000fc99800000,0x000000fc99900000)]
  0x00000288d58b2800 JavaThread "Cache worker for execution history cache (C:\Users\DELL\.gradle\caches\7.0.2\executionHistory)" [_thread_blocked, id=9400, stack(0x000000fc99c00000,0x000000fc99d00000)]
  0x00000288d58bd800 JavaThread "Cache worker for file content cache (C:\Users\DELL\.gradle\caches\7.0.2\fileContent)" [_thread_blocked, id=7512, stack(0x000000fc99d00000,0x000000fc99e00000)]
  0x00000288d58bf800 JavaThread "Memory manager" [_thread_blocked, id=7380, stack(0x000000fc9a400000,0x000000fc9a500000)]
  0x00000288d58bb800 JavaThread "Handler for socket connection from /127.0.0.1:64187 to /127.0.0.1:64193" [_thread_in_native, id=1596, stack(0x000000fc98600000,0x000000fc98700000)]
  0x00000288d58b5800 JavaThread "Cancel handler" [_thread_blocked, id=11512, stack(0x000000fc98700000,0x000000fc98800000)]
  0x00000288d58b9000 JavaThread "Asynchronous log dispatcher for DefaultDaemonConnection: socket connection from /127.0.0.1:64187 to /127.0.0.1:64193" [_thread_blocked, id=9168, stack(0x000000fc98900000,0x000000fc98a00000)]
  0x00000288d58b8000 JavaThread "Daemon client event forwarder" [_thread_blocked, id=8920, stack(0x000000fc98b00000,0x000000fc98c00000)]
  0x00000288d58b7000 JavaThread "Cache worker for file hash cache (D:\AndroidProjects\NewsApp\.gradle\7.0.2\fileHashes)" [_thread_blocked, id=7516, stack(0x000000fc99100000,0x000000fc99200000)]
  0x00000288d58be800 JavaThread "Cache worker for checksums cache (D:\AndroidProjects\NewsApp\.gradle\checksums)" [_thread_blocked, id=7752, stack(0x000000fc99200000,0x000000fc99300000)]
  0x00000288d58b9800 JavaThread "Cache worker for cache directory md-supplier (C:\Users\DELL\.gradle\caches\7.0.2\md-supplier)" [_thread_blocked, id=7056, stack(0x000000fc99900000,0x000000fc99a00000)]
  0x00000288d58ba800 JavaThread "Cache worker for cache directory md-rule (C:\Users\DELL\.gradle\caches\7.0.2\md-rule)" [_thread_blocked, id=5084, stack(0x000000fc99a00000,0x000000fc99b00000)]
  0x00000288d58f9000 JavaThread "Cache worker for dependencies-accessors (D:\AndroidProjects\NewsApp\.gradle\7.0.2\dependencies-accessors)" [_thread_blocked, id=5648, stack(0x000000fc99b00000,0x000000fc99c00000)]
  0x00000288d58f3000 JavaThread "Cache worker for Build Output Cleanup Cache (D:\AndroidProjects\NewsApp\.gradle\buildOutputCleanup)" [_thread_blocked, id=11088, stack(0x000000fc99f00000,0x000000fc9a000000)]
  0x00000288db325800 JavaThread "Build operations" [_thread_blocked, id=7200, stack(0x000000fc9a000000,0x000000fc9a100000)]
  0x00000288db325000 JavaThread "Build operations Thread 2" [_thread_blocked, id=7528, stack(0x000000fc9a100000,0x000000fc9a200000)]
  0x00000288db323000 JavaThread "Build operations Thread 3" [_thread_blocked, id=12136, stack(0x000000fc9a200000,0x000000fc9a300000)]
  0x00000288db322800 JavaThread "Build operations Thread 4" [_thread_blocked, id=9000, stack(0x000000fc9a300000,0x000000fc9a400000)]
  0x00000288db328000 JavaThread "Cache worker for execution history cache (D:\AndroidProjects\NewsApp\.gradle\7.0.2\executionHistory)" [_thread_blocked, id=5804, stack(0x000000fc9ab00000,0x000000fc9ac00000)]
  0x00000288db320800 JavaThread "RMI Scheduler(0)" daemon [_thread_blocked, id=8080, stack(0x000000fc96e00000,0x000000fc96f00000)]
  0x00000288db32d000 JavaThread "RMI GC Daemon" daemon [_thread_blocked, id=12160, stack(0x000000fc9ad00000,0x000000fc9ae00000)]
  0x00000288db32e800 JavaThread "RMI TCP Accept-0" daemon [_thread_in_native, id=3600, stack(0x000000fc9ae00000,0x000000fc9af00000)]
  0x00000288db32b800 JavaThread "RMI Reaper" [_thread_blocked, id=5492, stack(0x000000fc9af00000,0x000000fc9b000000)]
  0x00000288db329800 JavaThread "RMI TCP Connection(4)-127.0.0.1" daemon [_thread_in_native, id=4776, stack(0x000000fc9b000000,0x000000fc9b100000)]
  0x00000288db32a800 JavaThread "WorkerExecutor Queue" [_thread_blocked, id=11352, stack(0x000000fc96f00000,0x000000fc97000000)]
  0x00000288db32c000 JavaThread "WorkerExecutor Queue Thread 2" [_thread_blocked, id=2676, stack(0x000000fc99e00000,0x000000fc99f00000)]
  0x00000288d78d7800 JavaThread "RMI RenewClean-[127.0.0.1:17717,org.jetbrains.kotlin.daemon.common.LoopbackNetworkInterface$ClientLoopbackSocketFactory@207dd4e4]" daemon [_thread_blocked, id=11196, stack(0x000000fc98a00000,0x000000fc98b00000)]
  0x00000288d78d9800 JavaThread "RMI TCP Connection(3)-127.0.0.1" daemon [_thread_in_native, id=13148, stack(0x000000fc9b200000,0x000000fc9b300000)]
  0x00000288d78da800 JavaThread "C2 CompilerThread1" daemon [_thread_blocked, id=11856, stack(0x000000fc9b100000,0x000000fc9b200000)]

Other Threads:
=>0x00000288d3117000 VMThread "VM Thread" [stack: 0x000000fc97600000,0x000000fc97700000] [id=2336]
  0x00000288d3c27800 WatcherThread [stack: 0x000000fc98000000,0x000000fc98100000] [id=10112]
  0x00000288b8e51000 GCTaskThread "GC Thread#0" [stack: 0x000000fc97100000,0x000000fc97200000] [id=328]
  0x00000288d3f0d800 GCTaskThread "GC Thread#1" [stack: 0x000000fc98200000,0x000000fc98300000] [id=6224]
  0x00000288d487a000 GCTaskThread "GC Thread#2" [stack: 0x000000fc98c00000,0x000000fc98d00000] [id=12072]
  0x00000288d61dd800 GCTaskThread "GC Thread#3" [stack: 0x000000fc98d00000,0x000000fc98e00000] [id=6480]
  0x00000288b8e84000 ConcurrentGCThread "G1 Main Marker" [stack: 0x000000fc97200000,0x000000fc97300000] [id=3024]
  0x00000288b8e86800 ConcurrentGCThread "G1 Conc#0" [stack: 0x000000fc97300000,0x000000fc97400000] [id=8180]
  0x00000288b8ee1800 ConcurrentGCThread "G1 Refine#0" [stack: 0x000000fc97400000,0x000000fc97500000] [id=8860]
  0x00000288b8ee2800 ConcurrentGCThread "G1 Young RemSet Sampling" [stack: 0x000000fc97500000,0x000000fc97600000] [id=5240]

Threads with active compile tasks:
C1 CompilerThread0 112121 19131       3       java.util.TreeMap::buildFromSorted (218 bytes)

VM state:at safepoint (normal execution)

VM Mutex/Monitor currently owned by a thread:  ([mutex/lock_event])
[0x00000288b8e34e40] Threads_lock - owner thread: 0x00000288d3117000
[0x00000288b8e341e0] Heap_lock - owner thread: 0x00000288d50d5000

Heap address: 0x0000000080000000, size: 2048 MB, Compressed Oops mode: 32-bit
Narrow klass base: 0x0000000000000000, Narrow klass shift: 3
Compressed class space size: 1073741824 Address: 0x0000000100000000

Heap:
 garbage-first heap   total 479232K, used 274836K [0x0000000080000000, 0x0000000100000000)
  region size 1024K, 1 young (1024K), 1 survivors (1024K)
 Metaspace       used 141758K, capacity 145871K, committed 146176K, reserved 1175552K
  class space    used 17646K, capacity 19091K, committed 19200K, reserved 1048576K
Heap Regions: E=young(eden), S=young(survivor), O=old, HS=humongous(starts), HC=humongous(continues), CS=collection set, F=free, A=archive, TAMS=top-at-mark-start (previous, next)
|   0|0x0000000080000000, 0x0000000080100000, 0x0000000080100000|100%| O|  |TAMS 0x0000000080100000, 0x0000000080000000| Untracked 
|   1|0x0000000080100000, 0x0000000080200000, 0x0000000080200000|100%| O|  |TAMS 0x0000000080200000, 0x0000000080100000| Untracked 
|   2|0x0000000080200000, 0x0000000080300000, 0x0000000080300000|100%| O|  |TAMS 0x0000000080300000, 0x0000000080200000| Untracked 
|   3|0x0000000080300000, 0x0000000080400000, 0x0000000080400000|100%|HS|  |TAMS 0x0000000080400000, 0x0000000080300000| Complete 
|   4|0x0000000080400000, 0x0000000080500000, 0x0000000080500000|100%|HC|  |TAMS 0x0000000080500000, 0x0000000080400000| Complete 
|   5|0x0000000080500000, 0x0000000080600000, 0x0000000080600000|100%|HC|  |TAMS 0x0000000080600000, 0x0000000080500000| Complete 
|   6|0x0000000080600000, 0x0000000080700000, 0x0000000080700000|100%| O|  |TAMS 0x0000000080700000, 0x0000000080600000| Untracked 
|   7|0x0000000080700000, 0x0000000080800000, 0x0000000080800000|100%| O|  |TAMS 0x0000000080800000, 0x0000000080700000| Untracked 
|   8|0x0000000080800000, 0x0000000080900000, 0x0000000080900000|100%| O|  |TAMS 0x0000000080900000, 0x0000000080800000| Untracked 
|   9|0x0000000080900000, 0x0000000080a00000, 0x0000000080a00000|100%| O|  |TAMS 0x0000000080a00000, 0x0000000080900000| Untracked 
|  10|0x0000000080a00000, 0x0000000080b00000, 0x0000000080b00000|100%| O|  |TAMS 0x0000000080b00000, 0x0000000080a00000| Untracked 
|  11|0x0000000080b00000, 0x0000000080c00000, 0x0000000080c00000|100%| O|  |TAMS 0x0000000080c00000, 0x0000000080b00000| Untracked 
|  12|0x0000000080c00000, 0x0000000080d00000, 0x0000000080d00000|100%| O|  |TAMS 0x0000000080d00000, 0x0000000080c00000| Untracked 
|  13|0x0000000080d00000, 0x0000000080e00000, 0x0000000080e00000|100%| O|  |TAMS 0x0000000080e00000, 0x0000000080d00000| Complete 
|  14|0x0000000080e00000, 0x0000000080f00000, 0x0000000080f00000|100%| O|  |TAMS 0x0000000080f00000, 0x0000000080e00000| Untracked 
|  15|0x0000000080f00000, 0x0000000081000000, 0x0000000081000000|100%|HS|  |TAMS 0x0000000081000000, 0x0000000080f00000| Complete 
|  16|0x0000000081000000, 0x0000000081100000, 0x0000000081100000|100%|HC|  |TAMS 0x0000000081100000, 0x0000000081000000| Complete 
|  17|0x0000000081100000, 0x0000000081200000, 0x0000000081200000|100%|HS|  |TAMS 0x0000000081200000, 0x0000000081100000| Complete 
|  18|0x0000000081200000, 0x0000000081300000, 0x0000000081300000|100%|HC|  |TAMS 0x0000000081300000, 0x0000000081200000| Complete 
|  19|0x0000000081300000, 0x0000000081400000, 0x0000000081400000|100%|HC|  |TAMS 0x0000000081400000, 0x0000000081300000| Complete 
|  20|0x0000000081400000, 0x0000000081500000, 0x0000000081500000|100%|HS|  |TAMS 0x0000000081500000, 0x0000000081400000| Complete 
|  21|0x0000000081500000, 0x0000000081600000, 0x0000000081600000|100%|HC|  |TAMS 0x0000000081600000, 0x0000000081500000| Complete 
|  22|0x0000000081600000, 0x0000000081700000, 0x0000000081700000|100%|HC|  |TAMS 0x0000000081700000, 0x0000000081600000| Complete 
|  23|0x0000000081700000, 0x0000000081800000, 0x0000000081800000|100%|HC|  |TAMS 0x0000000081800000, 0x0000000081700000| Complete 
|  24|0x0000000081800000, 0x0000000081900000, 0x0000000081900000|100%|HC|  |TAMS 0x0000000081900000, 0x0000000081800000| Complete 
|  25|0x0000000081900000, 0x0000000081a00000, 0x0000000081a00000|100%| O|  |TAMS 0x0000000081a00000, 0x0000000081900000| Complete 
|  26|0x0000000081a00000, 0x0000000081b00000, 0x0000000081b00000|100%| O|  |TAMS 0x0000000081b00000, 0x0000000081a00000| Untracked 
|  27|0x0000000081b00000, 0x0000000081c00000, 0x0000000081c00000|100%| O|  |TAMS 0x0000000081c00000, 0x0000000081b00000| Untracked 
|  28|0x0000000081c00000, 0x0000000081d00000, 0x0000000081d00000|100%| O|  |TAMS 0x0000000081d00000, 0x0000000081c00000| Untracked 
|  29|0x0000000081d00000, 0x0000000081e00000, 0x0000000081e00000|100%| O|  |TAMS 0x0000000081e00000, 0x0000000081d00000| Untracked 
|  30|0x0000000081e00000, 0x0000000081f00000, 0x0000000081f00000|100%| O|  |TAMS 0x0000000081f00000, 0x0000000081e00000| Complete 
|  31|0x0000000081f00000, 0x0000000082000000, 0x0000000082000000|100%| O|  |TAMS 0x0000000082000000, 0x0000000081f00000| Complete 
|  32|0x0000000082000000, 0x0000000082100000, 0x0000000082100000|100%| O|  |TAMS 0x0000000082100000, 0x0000000082000000| Untracked 
|  33|0x0000000082100000, 0x0000000082200000, 0x0000000082200000|100%|HS|  |TAMS 0x0000000082200000, 0x0000000082100000| Complete 
|  34|0x0000000082200000, 0x0000000082300000, 0x0000000082300000|100%|HC|  |TAMS 0x0000000082300000, 0x0000000082200000| Complete 
|  35|0x0000000082300000, 0x0000000082400000, 0x0000000082400000|100%|HC|  |TAMS 0x0000000082400000, 0x0000000082300000| Complete 
|  36|0x0000000082400000, 0x0000000082500000, 0x0000000082500000|100%| O|  |TAMS 0x0000000082500000, 0x0000000082400000| Untracked 
|  37|0x0000000082500000, 0x0000000082600000, 0x0000000082600000|100%| O|  |TAMS 0x0000000082600000, 0x0000000082500000| Untracked 
|  38|0x0000000082600000, 0x0000000082700000, 0x0000000082700000|100%| O|  |TAMS 0x0000000082700000, 0x0000000082600000| Untracked 
|  39|0x0000000082700000, 0x0000000082800000, 0x0000000082800000|100%|HS|  |TAMS 0x0000000082800000, 0x0000000082700000| Complete 
|  40|0x0000000082800000, 0x0000000082900000, 0x0000000082900000|100%|HC|  |TAMS 0x0000000082900000, 0x0000000082800000| Complete 
|  41|0x0000000082900000, 0x0000000082a00000, 0x0000000082a00000|100%|HC|  |TAMS 0x0000000082a00000, 0x0000000082900000| Complete 
|  42|0x0000000082a00000, 0x0000000082b00000, 0x0000000082b00000|100%|HC|  |TAMS 0x0000000082b00000, 0x0000000082a00000| Complete 
|  43|0x0000000082b00000, 0x0000000082c00000, 0x0000000082c00000|100%|HC|  |TAMS 0x0000000082c00000, 0x0000000082b00000| Complete 
|  44|0x0000000082c00000, 0x0000000082d00000, 0x0000000082d00000|100%| O|  |TAMS 0x0000000082d00000, 0x0000000082c00000| Untracked 
|  45|0x0000000082d00000, 0x0000000082e00000, 0x0000000082e00000|100%| O|  |TAMS 0x0000000082e00000, 0x0000000082d00000| Untracked 
|  46|0x0000000082e00000, 0x0000000082f00000, 0x0000000082f00000|100%| O|  |TAMS 0x0000000082f00000, 0x0000000082e00000| Untracked 
|  47|0x0000000082f00000, 0x0000000083000000, 0x0000000083000000|100%| O|  |TAMS 0x0000000083000000, 0x0000000082f00000| Untracked 
|  48|0x0000000083000000, 0x0000000083100000, 0x0000000083100000|100%| O|  |TAMS 0x0000000083100000, 0x0000000083000000| Untracked 
|  49|0x0000000083100000, 0x0000000083200000, 0x0000000083200000|100%| O|  |TAMS 0x0000000083200000, 0x0000000083100000| Complete 
|  50|0x0000000083200000, 0x0000000083300000, 0x0000000083300000|100%| O|  |TAMS 0x0000000083300000, 0x0000000083200000| Untracked 
|  51|0x0000000083300000, 0x0000000083400000, 0x0000000083400000|100%| O|  |TAMS 0x0000000083400000, 0x0000000083300000| Untracked 
|  52|0x0000000083400000, 0x0000000083500000, 0x0000000083500000|100%| O|  |TAMS 0x0000000083500000, 0x0000000083400000| Complete 
|  53|0x0000000083500000, 0x0000000083600000, 0x0000000083600000|100%| O|  |TAMS 0x0000000083600000, 0x0000000083500000| Complete 
|  54|0x0000000083600000, 0x0000000083700000, 0x0000000083700000|100%|HS|  |TAMS 0x0000000083700000, 0x0000000083600000| Complete 
|  55|0x0000000083700000, 0x0000000083800000, 0x0000000083800000|100%|HS|  |TAMS 0x0000000083800000, 0x0000000083700000| Complete 
|  56|0x0000000083800000, 0x0000000083900000, 0x0000000083900000|100%|HS|  |TAMS 0x0000000083900000, 0x0000000083800000| Complete 
|  57|0x0000000083900000, 0x0000000083a00000, 0x0000000083a00000|100%|HS|  |TAMS 0x0000000083a00000, 0x0000000083900000| Complete 
|  58|0x0000000083a00000, 0x0000000083b00000, 0x0000000083b00000|100%|HC|  |TAMS 0x0000000083b00000, 0x0000000083a00000| Complete 
|  59|0x0000000083b00000, 0x0000000083c00000, 0x0000000083c00000|100%|HC|  |TAMS 0x0000000083c00000, 0x0000000083b00000| Complete 
|  60|0x0000000083c00000, 0x0000000083d00000, 0x0000000083d00000|100%|HS|  |TAMS 0x0000000083d00000, 0x0000000083c00000| Complete 
|  61|0x0000000083d00000, 0x0000000083e00000, 0x0000000083e00000|100%|HC|  |TAMS 0x0000000083e00000, 0x0000000083d00000| Complete 
|  62|0x0000000083e00000, 0x0000000083f00000, 0x0000000083f00000|100%| O|  |TAMS 0x0000000083f00000, 0x0000000083e00000| Untracked 
|  63|0x0000000083f00000, 0x0000000084000000, 0x0000000084000000|100%| O|  |TAMS 0x0000000084000000, 0x0000000083f00000| Untracked 
|  64|0x0000000084000000, 0x0000000084100000, 0x0000000084100000|100%| O|  |TAMS 0x0000000084100000, 0x0000000084000000| Untracked 
|  65|0x0000000084100000, 0x0000000084200000, 0x0000000084200000|100%| O|  |TAMS 0x0000000084200000, 0x0000000084100000| Complete 
|  66|0x0000000084200000, 0x0000000084300000, 0x0000000084300000|100%| O|  |TAMS 0x0000000084300000, 0x0000000084200000| Complete 
|  67|0x0000000084300000, 0x0000000084400000, 0x0000000084400000|100%| O|  |TAMS 0x0000000084400000, 0x0000000084300000| Untracked 
|  68|0x0000000084400000, 0x0000000084500000, 0x0000000084500000|100%| O|  |TAMS 0x0000000084500000, 0x0000000084400000| Untracked 
|  69|0x0000000084500000, 0x0000000084600000, 0x0000000084600000|100%| O|  |TAMS 0x0000000084600000, 0x0000000084500000| Untracked 
|  70|0x0000000084600000, 0x0000000084700000, 0x0000000084700000|100%| O|  |TAMS 0x0000000084700000, 0x0000000084600000| Complete 
|  71|0x0000000084700000, 0x0000000084800000, 0x0000000084800000|100%| O|  |TAMS 0x0000000084800000, 0x0000000084700000| Untracked 
|  72|0x0000000084800000, 0x0000000084900000, 0x0000000084900000|100%| O|  |TAMS 0x0000000084900000, 0x0000000084800000| Untracked 
|  73|0x0000000084900000, 0x0000000084a00000, 0x0000000084a00000|100%| O|  |TAMS 0x0000000084a00000, 0x0000000084900000| Untracked 
|  74|0x0000000084a00000, 0x0000000084b00000, 0x0000000084b00000|100%| O|  |TAMS 0x0000000084b00000, 0x0000000084a00000| Untracked 
|  75|0x0000000084b00000, 0x0000000084c00000, 0x0000000084c00000|100%| O|  |TAMS 0x0000000084c00000, 0x0000000084b00000| Untracked 
|  76|0x0000000084c00000, 0x0000000084d00000, 0x0000000084d00000|100%| O|  |TAMS 0x0000000084d00000, 0x0000000084c00000| Untracked 
|  77|0x0000000084d00000, 0x0000000084e00000, 0x0000000084e00000|100%| O|  |TAMS 0x0000000084e00000, 0x0000000084d00000| Untracked 
|  78|0x0000000084e00000, 0x0000000084f00000, 0x0000000084f00000|100%| O|  |TAMS 0x0000000084f00000, 0x0000000084e00000| Complete 
|  79|0x0000000084f00000, 0x0000000085000000, 0x0000000085000000|100%| O|  |TAMS 0x0000000085000000, 0x0000000084f00000| Complete 
|  80|0x0000000085000000, 0x0000000085100000, 0x0000000085100000|100%| O|  |TAMS 0x0000000085100000, 0x0000000085000000| Untracked 
|  81|0x0000000085100000, 0x0000000085200000, 0x0000000085200000|100%| O|  |TAMS 0x0000000085200000, 0x0000000085100000| Complete 
|  82|0x0000000085200000, 0x0000000085300000, 0x0000000085300000|100%| O|  |TAMS 0x0000000085300000, 0x0000000085200000| Complete 
|  83|0x0000000085300000, 0x0000000085400000, 0x0000000085400000|100%| O|  |TAMS 0x0000000085400000, 0x0000000085300000| Complete 
|  84|0x0000000085400000, 0x0000000085500000, 0x0000000085500000|100%| O|  |TAMS 0x0000000085500000, 0x0000000085400000| Complete 
|  85|0x0000000085500000, 0x0000000085600000, 0x0000000085600000|100%| O|  |TAMS 0x0000000085600000, 0x0000000085500000| Untracked 
|  86|0x0000000085600000, 0x0000000085700000, 0x0000000085700000|100%| O|  |TAMS 0x0000000085700000, 0x0000000085600000| Untracked 
|  87|0x0000000085700000, 0x0000000085800000, 0x0000000085800000|100%| O|  |TAMS 0x0000000085800000, 0x0000000085700000| Untracked 
|  88|0x0000000085800000, 0x0000000085900000, 0x0000000085900000|100%| O|  |TAMS 0x0000000085900000, 0x0000000085800000| Complete 
|  89|0x0000000085900000, 0x0000000085a00000, 0x0000000085a00000|100%| O|  |TAMS 0x0000000085a00000, 0x0000000085900000| Complete 
|  90|0x0000000085a00000, 0x0000000085b00000, 0x0000000085b00000|100%| O|  |TAMS 0x0000000085b00000, 0x0000000085a00000| Untracked 
|  91|0x0000000085b00000, 0x0000000085c00000, 0x0000000085c00000|100%| O|  |TAMS 0x0000000085c00000, 0x0000000085b00000| Complete 
|  92|0x0000000085c00000, 0x0000000085d00000, 0x0000000085d00000|100%| O|  |TAMS 0x0000000085d00000, 0x0000000085c00000| Untracked 
|  93|0x0000000085d00000, 0x0000000085e00000, 0x0000000085e00000|100%| O|  |TAMS 0x0000000085e00000, 0x0000000085d00000| Complete 
|  94|0x0000000085e00000, 0x0000000085f00000, 0x0000000085f00000|100%| O|  |TAMS 0x0000000085f00000, 0x0000000085e00000| Complete 
|  95|0x0000000085f00000, 0x0000000086000000, 0x0000000086000000|100%| O|  |TAMS 0x0000000086000000, 0x0000000085f00000| Complete 
|  96|0x0000000086000000, 0x0000000086100000, 0x0000000086100000|100%| O|  |TAMS 0x0000000086100000, 0x0000000086000000| Complete 
|  97|0x0000000086100000, 0x0000000086200000, 0x0000000086200000|100%| O|  |TAMS 0x0000000086200000, 0x0000000086100000| Complete 
|  98|0x0000000086200000, 0x0000000086300000, 0x0000000086300000|100%| O|  |TAMS 0x0000000086300000, 0x0000000086200000| Complete 
|  99|0x0000000086300000, 0x0000000086400000, 0x0000000086400000|100%| O|  |TAMS 0x0000000086400000, 0x0000000086300000| Complete 
| 100|0x0000000086400000, 0x0000000086500000, 0x0000000086500000|100%| O|  |TAMS 0x0000000086500000, 0x0000000086400000| Untracked 
| 101|0x0000000086500000, 0x0000000086600000, 0x0000000086600000|100%| O|  |TAMS 0x0000000086600000, 0x0000000086500000| Untracked 
| 102|0x0000000086600000, 0x0000000086700000, 0x0000000086700000|100%| O|  |TAMS 0x0000000086700000, 0x0000000086600000| Untracked 
| 103|0x0000000086700000, 0x0000000086800000, 0x0000000086800000|100%| O|  |TAMS 0x0000000086800000, 0x0000000086700000| Untracked 
| 104|0x0000000086800000, 0x0000000086900000, 0x0000000086900000|100%| O|  |TAMS 0x0000000086900000, 0x0000000086800000| Complete 
| 105|0x0000000086900000, 0x0000000086a00000, 0x0000000086a00000|100%| O|  |TAMS 0x0000000086a00000, 0x0000000086900000| Complete 
| 106|0x0000000086a00000, 0x0000000086b00000, 0x0000000086b00000|100%| O|  |TAMS 0x0000000086b00000, 0x0000000086a00000| Untracked 
| 107|0x0000000086b00000, 0x0000000086c00000, 0x0000000086c00000|100%| O|  |TAMS 0x0000000086c00000, 0x0000000086b00000| Untracked 
| 108|0x0000000086c00000, 0x0000000086d00000, 0x0000000086d00000|100%| O|  |TAMS 0x0000000086d00000, 0x0000000086c00000| Untracked 
| 109|0x0000000086d00000, 0x0000000086e00000, 0x0000000086e00000|100%| O|  |TAMS 0x0000000086e00000, 0x0000000086d00000| Untracked 
| 110|0x0000000086e00000, 0x0000000086f00000, 0x0000000086f00000|100%| O|  |TAMS 0x0000000086f00000, 0x0000000086e00000| Untracked 
| 111|0x0000000086f00000, 0x0000000087000000, 0x0000000087000000|100%| O|  |TAMS 0x0000000087000000, 0x0000000086f00000| Untracked 
| 112|0x0000000087000000, 0x0000000087100000, 0x0000000087100000|100%| O|  |TAMS 0x0000000087100000, 0x0000000087000000| Complete 
| 113|0x0000000087100000, 0x0000000087200000, 0x0000000087200000|100%| O|  |TAMS 0x0000000087200000, 0x0000000087100000| Untracked 
| 114|0x0000000087200000, 0x0000000087300000, 0x0000000087300000|100%| O|  |TAMS 0x0000000087300000, 0x0000000087200000| Untracked 
| 115|0x0000000087300000, 0x0000000087400000, 0x0000000087400000|100%| O|  |TAMS 0x0000000087400000, 0x0000000087300000| Untracked 
| 116|0x0000000087400000, 0x0000000087500000, 0x0000000087500000|100%| O|  |TAMS 0x0000000087500000, 0x0000000087400000| Complete 
| 117|0x0000000087500000, 0x0000000087600000, 0x0000000087600000|100%| O|  |TAMS 0x0000000087600000, 0x0000000087500000| Complete 
| 118|0x0000000087600000, 0x0000000087700000, 0x0000000087700000|100%| O|  |TAMS 0x0000000087700000, 0x0000000087600000| Untracked 
| 119|0x0000000087700000, 0x0000000087800000, 0x0000000087800000|100%| O|  |TAMS 0x0000000087800000, 0x0000000087700000| Complete 
| 120|0x0000000087800000, 0x0000000087900000, 0x0000000087900000|100%| O|  |TAMS 0x0000000087900000, 0x0000000087800000| Complete 
| 121|0x0000000087900000, 0x0000000087a00000, 0x0000000087a00000|100%| O|  |TAMS 0x0000000087a00000, 0x0000000087900000| Complete 
| 122|0x0000000087a00000, 0x0000000087b00000, 0x0000000087b00000|100%| O|  |TAMS 0x0000000087b00000, 0x0000000087a00000| Complete 
| 123|0x0000000087b00000, 0x0000000087c00000, 0x0000000087c00000|100%| O|  |TAMS 0x0000000087c00000, 0x0000000087b00000| Complete 
| 124|0x0000000087c00000, 0x0000000087d00000, 0x0000000087d00000|100%| O|  |TAMS 0x0000000087d00000, 0x0000000087c00000| Complete 
| 125|0x0000000087d00000, 0x0000000087e00000, 0x0000000087e00000|100%| O|  |TAMS 0x0000000087e00000, 0x0000000087d00000| Complete 
| 126|0x0000000087e00000, 0x0000000087f00000, 0x0000000087f00000|100%| O|  |TAMS 0x0000000087f00000, 0x0000000087e00000| Complete 
| 127|0x0000000087f00000, 0x0000000088000000, 0x0000000088000000|100%| O|  |TAMS 0x0000000088000000, 0x0000000087f00000| Complete 
| 128|0x0000000088000000, 0x0000000088100000, 0x0000000088100000|100%| O|  |TAMS 0x0000000088100000, 0x0000000088000000| Untracked 
| 129|0x0000000088100000, 0x0000000088200000, 0x0000000088200000|100%| O|  |TAMS 0x0000000088200000, 0x0000000088100000| Untracked 
| 130|0x0000000088200000, 0x0000000088300000, 0x0000000088300000|100%| O|  |TAMS 0x0000000088300000, 0x0000000088200000| Untracked 
| 131|0x0000000088300000, 0x0000000088400000, 0x0000000088400000|100%|HS|  |TAMS 0x0000000088400000, 0x0000000088300000| Complete 
| 132|0x0000000088400000, 0x0000000088500000, 0x0000000088500000|100%| O|  |TAMS 0x0000000088500000, 0x0000000088400000| Untracked 
| 133|0x0000000088500000, 0x0000000088600000, 0x0000000088600000|100%| O|  |TAMS 0x0000000088600000, 0x0000000088500000| Untracked 
| 134|0x0000000088600000, 0x0000000088700000, 0x0000000088700000|100%| O|  |TAMS 0x0000000088700000, 0x0000000088600000| Complete 
| 135|0x0000000088700000, 0x0000000088800000, 0x0000000088800000|100%| O|  |TAMS 0x0000000088800000, 0x0000000088700000| Complete 
| 136|0x0000000088800000, 0x0000000088900000, 0x0000000088900000|100%| O|  |TAMS 0x0000000088900000, 0x0000000088800000| Untracked 
| 137|0x0000000088900000, 0x0000000088a00000, 0x0000000088a00000|100%| O|  |TAMS 0x0000000088a00000, 0x0000000088900000| Untracked 
| 138|0x0000000088a00000, 0x0000000088b00000, 0x0000000088b00000|100%| O|  |TAMS 0x0000000088b00000, 0x0000000088a00000| Untracked 
| 139|0x0000000088b00000, 0x0000000088c00000, 0x0000000088c00000|100%| O|  |TAMS 0x0000000088c00000, 0x0000000088b00000| Complete 
| 140|0x0000000088c00000, 0x0000000088d00000, 0x0000000088d00000|100%| O|  |TAMS 0x0000000088d00000, 0x0000000088c00000| Untracked 
| 141|0x0000000088d00000, 0x0000000088e00000, 0x0000000088e00000|100%| O|  |TAMS 0x0000000088e00000, 0x0000000088d00000| Untracked 
| 142|0x0000000088e00000, 0x0000000088f00000, 0x0000000088f00000|100%| O|  |TAMS 0x0000000088f00000, 0x0000000088e00000| Untracked 
| 143|0x0000000088f00000, 0x0000000089000000, 0x0000000089000000|100%| O|  |TAMS 0x0000000089000000, 0x0000000088f00000| Complete 
| 144|0x0000000089000000, 0x0000000089100000, 0x0000000089100000|100%| O|  |TAMS 0x0000000089100000, 0x0000000089000000| Untracked 
| 145|0x0000000089100000, 0x0000000089200000, 0x0000000089200000|100%| O|  |TAMS 0x0000000089200000, 0x0000000089100000| Complete 
| 146|0x0000000089200000, 0x0000000089300000, 0x0000000089300000|100%| O|  |TAMS 0x0000000089300000, 0x0000000089200000| Untracked 
| 147|0x0000000089300000, 0x0000000089400000, 0x0000000089400000|100%| O|  |TAMS 0x0000000089400000, 0x0000000089300000| Untracked 
| 148|0x0000000089400000, 0x0000000089500000, 0x0000000089500000|100%| O|  |TAMS 0x0000000089500000, 0x0000000089400000| Untracked 
| 149|0x0000000089500000, 0x0000000089600000, 0x0000000089600000|100%| O|  |TAMS 0x0000000089600000, 0x0000000089500000| Untracked 
| 150|0x0000000089600000, 0x0000000089700000, 0x0000000089700000|100%| O|  |TAMS 0x0000000089700000, 0x0000000089600000| Untracked 
| 151|0x0000000089700000, 0x0000000089800000, 0x0000000089800000|100%|HS|  |TAMS 0x0000000089800000, 0x0000000089700000| Complete 
| 152|0x0000000089800000, 0x0000000089900000, 0x0000000089900000|100%|HC|  |TAMS 0x0000000089900000, 0x0000000089800000| Complete 
| 153|0x0000000089900000, 0x0000000089a00000, 0x0000000089a00000|100%|HC|  |TAMS 0x0000000089a00000, 0x0000000089900000| Complete 
| 154|0x0000000089a00000, 0x0000000089b00000, 0x0000000089b00000|100%|HS|  |TAMS 0x0000000089b00000, 0x0000000089a00000| Complete 
| 155|0x0000000089b00000, 0x0000000089c00000, 0x0000000089c00000|100%|HC|  |TAMS 0x0000000089c00000, 0x0000000089b00000| Complete 
| 156|0x0000000089c00000, 0x0000000089d00000, 0x0000000089d00000|100%| O|  |TAMS 0x0000000089d00000, 0x0000000089c00000| Untracked 
| 157|0x0000000089d00000, 0x0000000089e00000, 0x0000000089e00000|100%| O|  |TAMS 0x0000000089e00000, 0x0000000089d00000| Complete 
| 158|0x0000000089e00000, 0x0000000089f00000, 0x0000000089f00000|100%| O|  |TAMS 0x0000000089f00000, 0x0000000089e00000| Untracked 
| 159|0x0000000089f00000, 0x000000008a000000, 0x000000008a000000|100%| O|  |TAMS 0x000000008a000000, 0x0000000089f00000| Untracked 
| 160|0x000000008a000000, 0x000000008a100000, 0x000000008a100000|100%| O|  |TAMS 0x000000008a100000, 0x000000008a000000| Untracked 
| 161|0x000000008a100000, 0x000000008a200000, 0x000000008a200000|100%| O|  |TAMS 0x000000008a200000, 0x000000008a100000| Untracked 
| 162|0x000000008a200000, 0x000000008a300000, 0x000000008a300000|100%| O|  |TAMS 0x000000008a300000, 0x000000008a200000| Untracked 
| 163|0x000000008a300000, 0x000000008a400000, 0x000000008a400000|100%| O|  |TAMS 0x000000008a400000, 0x000000008a300000| Untracked 
| 164|0x000000008a400000, 0x000000008a500000, 0x000000008a500000|100%| O|  |TAMS 0x000000008a500000, 0x000000008a400000| Untracked 
| 165|0x000000008a500000, 0x000000008a600000, 0x000000008a600000|100%| O|  |TAMS 0x000000008a600000, 0x000000008a500000| Untracked 
| 166|0x000000008a600000, 0x000000008a700000, 0x000000008a700000|100%| O|  |TAMS 0x000000008a700000, 0x000000008a600000| Complete 
| 167|0x000000008a700000, 0x000000008a800000, 0x000000008a800000|100%| O|  |TAMS 0x000000008a800000, 0x000000008a700000| Complete 
| 168|0x000000008a800000, 0x000000008a900000, 0x000000008a900000|100%| O|  |TAMS 0x000000008a800000, 0x000000008a800000| Untracked 
| 169|0x000000008a900000, 0x000000008aa00000, 0x000000008aa00000|100%| O|  |TAMS 0x000000008aa00000, 0x000000008a900000| Complete 
| 170|0x000000008aa00000, 0x000000008ab00000, 0x000000008ab00000|100%| O|  |TAMS 0x000000008aa00000, 0x000000008aa00000| Untracked 
| 171|0x000000008ab00000, 0x000000008ac00000, 0x000000008ac00000|100%| O|  |TAMS 0x000000008ac00000, 0x000000008ab00000| Untracked 
| 172|0x000000008ac00000, 0x000000008ac00000, 0x000000008ad00000|  0%| F|  |TAMS 0x000000008ac00000, 0x000000008ac00000| Untracked 
| 173|0x000000008ad00000, 0x000000008ad00000, 0x000000008ae00000|  0%| F|  |TAMS 0x000000008ad00000, 0x000000008ad00000| Untracked 
| 174|0x000000008ae00000, 0x000000008af00000, 0x000000008af00000|100%| O|  |TAMS 0x000000008af00000, 0x000000008ae00000| Complete 
| 175|0x000000008af00000, 0x000000008b000000, 0x000000008b000000|100%| O|  |TAMS 0x000000008b000000, 0x000000008af00000| Complete 
| 176|0x000000008b000000, 0x000000008b100000, 0x000000008b100000|100%| O|  |TAMS 0x000000008b000000, 0x000000008b000000| Untracked 
| 177|0x000000008b100000, 0x000000008b200000, 0x000000008b200000|100%| O|  |TAMS 0x000000008b200000, 0x000000008b100000| Complete 
| 178|0x000000008b200000, 0x000000008b280000, 0x000000008b300000| 50%| O|  |TAMS 0x000000008b200000, 0x000000008b200000| Untracked 
| 179|0x000000008b300000, 0x000000008b400000, 0x000000008b400000|100%| O|  |TAMS 0x000000008b400000, 0x000000008b300000| Complete 
| 180|0x000000008b400000, 0x000000008b500000, 0x000000008b500000|100%| O|  |TAMS 0x000000008b500000, 0x000000008b400000| Complete 
| 181|0x000000008b500000, 0x000000008b500000, 0x000000008b600000|  0%| F|  |TAMS 0x000000008b500000, 0x000000008b500000| Untracked 
| 182|0x000000008b600000, 0x000000008b700000, 0x000000008b700000|100%| O|  |TAMS 0x000000008b700000, 0x000000008b600000| Complete 
| 183|0x000000008b700000, 0x000000008b700000, 0x000000008b800000|  0%| F|  |TAMS 0x000000008b700000, 0x000000008b700000| Untracked 
| 184|0x000000008b800000, 0x000000008b800000, 0x000000008b900000|  0%| F|  |TAMS 0x000000008b800000, 0x000000008b800000| Untracked 
| 185|0x000000008b900000, 0x000000008b900000, 0x000000008ba00000|  0%| F|  |TAMS 0x000000008b900000, 0x000000008b900000| Untracked 
| 186|0x000000008ba00000, 0x000000008ba00000, 0x000000008bb00000|  0%| F|  |TAMS 0x000000008ba00000, 0x000000008ba00000| Untracked 
| 187|0x000000008bb00000, 0x000000008bb00000, 0x000000008bc00000|  0%| F|  |TAMS 0x000000008bb00000, 0x000000008bb00000| Untracked 
| 188|0x000000008bc00000, 0x000000008bc00000, 0x000000008bd00000|  0%| F|  |TAMS 0x000000008bc00000, 0x000000008bc00000| Untracked 
| 189|0x000000008bd00000, 0x000000008bd00000, 0x000000008be00000|  0%| F|  |TAMS 0x000000008bd00000, 0x000000008bd00000| Untracked 
| 190|0x000000008be00000, 0x000000008bf00000, 0x000000008bf00000|100%| O|  |TAMS 0x000000008bf00000, 0x000000008be00000| Complete 
| 191|0x000000008bf00000, 0x000000008c000000, 0x000000008c000000|100%| O|  |TAMS 0x000000008c000000, 0x000000008bf00000| Complete 
| 192|0x000000008c000000, 0x000000008c100000, 0x000000008c100000|100%| O|  |TAMS 0x000000008c100000, 0x000000008c000000| Complete 
| 193|0x000000008c100000, 0x000000008c100000, 0x000000008c200000|  0%| F|  |TAMS 0x000000008c100000, 0x000000008c100000| Untracked 
| 194|0x000000008c200000, 0x000000008c200000, 0x000000008c300000|  0%| F|  |TAMS 0x000000008c200000, 0x000000008c200000| Untracked 
| 195|0x000000008c300000, 0x000000008c300000, 0x000000008c400000|  0%| F|  |TAMS 0x000000008c300000, 0x000000008c300000| Untracked 
| 196|0x000000008c400000, 0x000000008c500000, 0x000000008c500000|100%| O|  |TAMS 0x000000008c500000, 0x000000008c400000| Complete 
| 197|0x000000008c500000, 0x000000008c500000, 0x000000008c600000|  0%| F|  |TAMS 0x000000008c500000, 0x000000008c500000| Untracked 
| 198|0x000000008c600000, 0x000000008c600000, 0x000000008c700000|  0%| F|  |TAMS 0x000000008c600000, 0x000000008c600000| Untracked 
| 199|0x000000008c700000, 0x000000008c700000, 0x000000008c800000|  0%| F|  |TAMS 0x000000008c700000, 0x000000008c700000| Untracked 
| 200|0x000000008c800000, 0x000000008c900000, 0x000000008c900000|100%| O|  |TAMS 0x000000008c900000, 0x000000008c800000| Complete 
| 201|0x000000008c900000, 0x000000008ca00000, 0x000000008ca00000|100%| O|  |TAMS 0x000000008ca00000, 0x000000008c900000| Untracked 
| 202|0x000000008ca00000, 0x000000008cb00000, 0x000000008cb00000|100%| O|  |TAMS 0x000000008cb00000, 0x000000008ca00000| Untracked 
| 203|0x000000008cb00000, 0x000000008cc00000, 0x000000008cc00000|100%| O|  |TAMS 0x000000008cc00000, 0x000000008cb00000| Untracked 
| 204|0x000000008cc00000, 0x000000008cd00000, 0x000000008cd00000|100%| O|  |TAMS 0x000000008cd00000, 0x000000008cc00000| Untracked 
| 205|0x000000008cd00000, 0x000000008ce00000, 0x000000008ce00000|100%| O|  |TAMS 0x000000008ce00000, 0x000000008cd00000| Complete 
| 206|0x000000008ce00000, 0x000000008cf00000, 0x000000008cf00000|100%| O|  |TAMS 0x000000008cf00000, 0x000000008ce00000| Untracked 
| 207|0x000000008cf00000, 0x000000008d000000, 0x000000008d000000|100%| O|  |TAMS 0x000000008d000000, 0x000000008cf00000| Complete 
| 208|0x000000008d000000, 0x000000008d100000, 0x000000008d100000|100%| O|  |TAMS 0x000000008d100000, 0x000000008d000000| Complete 
| 209|0x000000008d100000, 0x000000008d200000, 0x000000008d200000|100%| O|  |TAMS 0x000000008d200000, 0x000000008d100000| Complete 
| 210|0x000000008d200000, 0x000000008d300000, 0x000000008d300000|100%| O|  |TAMS 0x000000008d300000, 0x000000008d200000| Complete 
| 211|0x000000008d300000, 0x000000008d400000, 0x000000008d400000|100%| O|  |TAMS 0x000000008d400000, 0x000000008d300000| Untracked 
| 212|0x000000008d400000, 0x000000008d500000, 0x000000008d500000|100%| O|  |TAMS 0x000000008d500000, 0x000000008d400000| Untracked 
| 213|0x000000008d500000, 0x000000008d600000, 0x000000008d600000|100%| O|  |TAMS 0x000000008d600000, 0x000000008d500000| Untracked 
| 214|0x000000008d600000, 0x000000008d700000, 0x000000008d700000|100%| O|  |TAMS 0x000000008d700000, 0x000000008d600000| Complete 
| 215|0x000000008d700000, 0x000000008d800000, 0x000000008d800000|100%| O|  |TAMS 0x000000008d800000, 0x000000008d700000| Complete 
| 216|0x000000008d800000, 0x000000008d900000, 0x000000008d900000|100%| O|  |TAMS 0x000000008d900000, 0x000000008d800000| Complete 
| 217|0x000000008d900000, 0x000000008da00000, 0x000000008da00000|100%| O|  |TAMS 0x000000008da00000, 0x000000008d900000| Untracked 
| 218|0x000000008da00000, 0x000000008db00000, 0x000000008db00000|100%| O|  |TAMS 0x000000008db00000, 0x000000008da00000| Complete 
| 219|0x000000008db00000, 0x000000008dc00000, 0x000000008dc00000|100%| O|  |TAMS 0x000000008dc00000, 0x000000008db00000| Untracked 
| 220|0x000000008dc00000, 0x000000008dd00000, 0x000000008dd00000|100%| O|  |TAMS 0x000000008dd00000, 0x000000008dc00000| Untracked 
| 221|0x000000008dd00000, 0x000000008de00000, 0x000000008de00000|100%| O|  |TAMS 0x000000008de00000, 0x000000008dd00000| Untracked 
| 222|0x000000008de00000, 0x000000008df00000, 0x000000008df00000|100%| O|  |TAMS 0x000000008df00000, 0x000000008de00000| Untracked 
| 223|0x000000008df00000, 0x000000008e000000, 0x000000008e000000|100%| O|  |TAMS 0x000000008e000000, 0x000000008df00000| Untracked 
| 224|0x000000008e000000, 0x000000008e100000, 0x000000008e100000|100%| O|  |TAMS 0x000000008e100000, 0x000000008e000000| Untracked 
| 225|0x000000008e100000, 0x000000008e200000, 0x000000008e200000|100%| O|  |TAMS 0x000000008e200000, 0x000000008e100000| Complete 
| 226|0x000000008e200000, 0x000000008e300000, 0x000000008e300000|100%| O|  |TAMS 0x000000008e300000, 0x000000008e200000| Complete 
| 227|0x000000008e300000, 0x000000008e400000, 0x000000008e400000|100%| O|  |TAMS 0x000000008e400000, 0x000000008e300000| Complete 
| 228|0x000000008e400000, 0x000000008e500000, 0x000000008e500000|100%| O|  |TAMS 0x000000008e500000, 0x000000008e400000| Complete 
| 229|0x000000008e500000, 0x000000008e600000, 0x000000008e600000|100%| O|  |TAMS 0x000000008e600000, 0x000000008e500000| Complete 
| 230|0x000000008e600000, 0x000000008e700000, 0x000000008e700000|100%| O|  |TAMS 0x000000008e700000, 0x000000008e600000| Untracked 
| 231|0x000000008e700000, 0x000000008e800000, 0x000000008e800000|100%| O|  |TAMS 0x000000008e800000, 0x000000008e700000| Untracked 
| 232|0x000000008e800000, 0x000000008e900000, 0x000000008e900000|100%| O|  |TAMS 0x000000008e900000, 0x000000008e800000| Untracked 
| 233|0x000000008e900000, 0x000000008ea00000, 0x000000008ea00000|100%| O|  |TAMS 0x000000008ea00000, 0x000000008e900000| Untracked 
| 234|0x000000008ea00000, 0x000000008eb00000, 0x000000008eb00000|100%| O|  |TAMS 0x000000008eb00000, 0x000000008ea00000| Untracked 
| 235|0x000000008eb00000, 0x000000008ec00000, 0x000000008ec00000|100%| O|  |TAMS 0x000000008ec00000, 0x000000008eb00000| Untracked 
| 236|0x000000008ec00000, 0x000000008ed00000, 0x000000008ed00000|100%| O|  |TAMS 0x000000008ed00000, 0x000000008ec00000| Complete 
| 237|0x000000008ed00000, 0x000000008ee00000, 0x000000008ee00000|100%| O|  |TAMS 0x000000008ede2400, 0x000000008ed00000| Complete 
| 238|0x000000008ee00000, 0x000000008ef00000, 0x000000008ef00000|100%| O|  |TAMS 0x000000008ee00000, 0x000000008ee00000| Untracked 
| 239|0x000000008ef00000, 0x000000008f000000, 0x000000008f000000|100%| O|  |TAMS 0x000000008ef00000, 0x000000008ef00000| Untracked 
| 240|0x000000008f000000, 0x000000008f100000, 0x000000008f100000|100%| O|  |TAMS 0x000000008f000000, 0x000000008f000000| Untracked 
| 241|0x000000008f100000, 0x000000008f200000, 0x000000008f200000|100%| O|  |TAMS 0x000000008f100000, 0x000000008f100000| Untracked 
| 242|0x000000008f200000, 0x000000008f300000, 0x000000008f300000|100%| O|  |TAMS 0x000000008f200000, 0x000000008f200000| Untracked 
| 243|0x000000008f300000, 0x000000008f400000, 0x000000008f400000|100%| O|  |TAMS 0x000000008f300000, 0x000000008f300000| Untracked 
| 244|0x000000008f400000, 0x000000008f500000, 0x000000008f500000|100%| O|  |TAMS 0x000000008f400000, 0x000000008f400000| Untracked 
| 245|0x000000008f500000, 0x000000008f600000, 0x000000008f600000|100%| O|  |TAMS 0x000000008f500000, 0x000000008f500000| Untracked 
| 246|0x000000008f600000, 0x000000008f700000, 0x000000008f700000|100%| O|  |TAMS 0x000000008f600000, 0x000000008f600000| Untracked 
| 247|0x000000008f700000, 0x000000008f800000, 0x000000008f800000|100%| O|  |TAMS 0x000000008f700000, 0x000000008f700000| Untracked 
| 248|0x000000008f800000, 0x000000008f900000, 0x000000008f900000|100%| O|  |TAMS 0x000000008f800000, 0x000000008f800000| Untracked 
| 249|0x000000008f900000, 0x000000008fa00000, 0x000000008fa00000|100%| O|  |TAMS 0x000000008f900000, 0x000000008f900000| Untracked 
| 250|0x000000008fa00000, 0x000000008fb00000, 0x000000008fb00000|100%| O|  |TAMS 0x000000008fa00000, 0x000000008fa00000| Untracked 
| 251|0x000000008fb00000, 0x000000008fc00000, 0x000000008fc00000|100%| O|  |TAMS 0x000000008fb00000, 0x000000008fb00000| Untracked 
| 252|0x000000008fc00000, 0x000000008fd00000, 0x000000008fd00000|100%| O|  |TAMS 0x000000008fc00000, 0x000000008fc00000| Untracked 
| 253|0x000000008fd00000, 0x000000008fe00000, 0x000000008fe00000|100%| O|  |TAMS 0x000000008fd00000, 0x000000008fd00000| Untracked 
| 254|0x000000008fe00000, 0x000000008ff00000, 0x000000008ff00000|100%| O|  |TAMS 0x000000008fe00000, 0x000000008fe00000| Untracked 
| 255|0x000000008ff00000, 0x0000000090000000, 0x0000000090000000|100%| O|  |TAMS 0x000000008ff00000, 0x000000008ff00000| Untracked 
| 256|0x0000000090000000, 0x0000000090100000, 0x0000000090100000|100%| O|  |TAMS 0x0000000090000000, 0x0000000090000000| Untracked 
| 257|0x0000000090100000, 0x0000000090200000, 0x0000000090200000|100%| O|  |TAMS 0x0000000090100000, 0x0000000090100000| Untracked 
| 258|0x0000000090200000, 0x0000000090300000, 0x0000000090300000|100%| O|  |TAMS 0x0000000090200000, 0x0000000090200000| Untracked 
| 259|0x0000000090300000, 0x0000000090400000, 0x0000000090400000|100%| O|  |TAMS 0x0000000090300000, 0x0000000090300000| Untracked 
| 260|0x0000000090400000, 0x0000000090500000, 0x0000000090500000|100%| O|  |TAMS 0x0000000090400000, 0x0000000090400000| Untracked 
| 261|0x0000000090500000, 0x0000000090600000, 0x0000000090600000|100%| O|  |TAMS 0x0000000090500000, 0x0000000090500000| Untracked 
| 262|0x0000000090600000, 0x0000000090700000, 0x0000000090700000|100%| O|  |TAMS 0x0000000090600000, 0x0000000090600000| Untracked 
| 263|0x0000000090700000, 0x0000000090800000, 0x0000000090800000|100%| O|  |TAMS 0x0000000090700000, 0x0000000090700000| Untracked 
| 264|0x0000000090800000, 0x0000000090900000, 0x0000000090900000|100%| O|  |TAMS 0x0000000090800000, 0x0000000090800000| Untracked 
| 265|0x0000000090900000, 0x0000000090a00000, 0x0000000090a00000|100%| O|  |TAMS 0x0000000090900000, 0x0000000090900000| Untracked 
| 266|0x0000000090a00000, 0x0000000090b00000, 0x0000000090b00000|100%| O|  |TAMS 0x0000000090a00000, 0x0000000090a00000| Untracked 
| 267|0x0000000090b00000, 0x0000000090c00000, 0x0000000090c00000|100%| O|  |TAMS 0x0000000090b00000, 0x0000000090b00000| Untracked 
| 268|0x0000000090c00000, 0x0000000090d00000, 0x0000000090d00000|100%| O|  |TAMS 0x0000000090c00000, 0x0000000090c00000| Untracked 
| 269|0x0000000090d00000, 0x0000000090e00000, 0x0000000090e00000|100%| O|  |TAMS 0x0000000090d00000, 0x0000000090d00000| Untracked 
| 270|0x0000000090e00000, 0x0000000090f00000, 0x0000000090f00000|100%| O|  |TAMS 0x0000000090e00000, 0x0000000090e00000| Untracked 
| 271|0x0000000090f00000, 0x0000000091000000, 0x0000000091000000|100%| O|  |TAMS 0x0000000090f00000, 0x0000000090f00000| Untracked 
| 272|0x0000000091000000, 0x0000000091000000, 0x0000000091100000|  0%| F|  |TAMS 0x0000000091000000, 0x0000000091000000| Untracked 
| 273|0x0000000091100000, 0x0000000091200000, 0x0000000091200000|100%| O|  |TAMS 0x0000000091200000, 0x0000000091100000| Complete 
| 274|0x0000000091200000, 0x0000000091200000, 0x0000000091300000|  0%| F|  |TAMS 0x0000000091200000, 0x0000000091200000| Untracked 
| 275|0x0000000091300000, 0x0000000091300000, 0x0000000091400000|  0%| F|  |TAMS 0x0000000091300000, 0x0000000091300000| Untracked 
| 276|0x0000000091400000, 0x0000000091400000, 0x0000000091500000|  0%| F|  |TAMS 0x0000000091400000, 0x0000000091400000| Untracked 
| 277|0x0000000091500000, 0x0000000091500000, 0x0000000091600000|  0%| F|  |TAMS 0x0000000091500000, 0x0000000091500000| Untracked 
| 278|0x0000000091600000, 0x0000000091600000, 0x0000000091700000|  0%| F|  |TAMS 0x0000000091600000, 0x0000000091600000| Untracked 
| 279|0x0000000091700000, 0x0000000091700000, 0x0000000091800000|  0%| F|  |TAMS 0x0000000091700000, 0x0000000091700000| Untracked 
| 280|0x0000000091800000, 0x0000000091900000, 0x0000000091900000|100%| O|  |TAMS 0x0000000091900000, 0x0000000091800000| Complete 
| 281|0x0000000091900000, 0x0000000091a00000, 0x0000000091a00000|100%| O|  |TAMS 0x0000000091900000, 0x0000000091900000| Untracked 
| 282|0x0000000091a00000, 0x0000000091b00000, 0x0000000091b00000|100%| O|  |TAMS 0x0000000091a00000, 0x0000000091a00000| Untracked 
| 283|0x0000000091b00000, 0x0000000091c00000, 0x0000000091c00000|100%| O|  |TAMS 0x0000000091b00000, 0x0000000091b00000| Untracked 
| 284|0x0000000091c00000, 0x0000000091d00000, 0x0000000091d00000|100%| O|  |TAMS 0x0000000091c00000, 0x0000000091c00000| Untracked 
| 285|0x0000000091d00000, 0x0000000091e00000, 0x0000000091e00000|100%| O|  |TAMS 0x0000000091d00000, 0x0000000091d00000| Untracked 
| 286|0x0000000091e00000, 0x0000000091f00000, 0x0000000091f00000|100%| O|  |TAMS 0x0000000091e00000, 0x0000000091e00000| Untracked 
| 287|0x0000000091f00000, 0x0000000092000000, 0x0000000092000000|100%| O|  |TAMS 0x0000000091f00000, 0x0000000091f00000| Untracked 
| 288|0x0000000092000000, 0x0000000092100000, 0x0000000092100000|100%| O|  |TAMS 0x0000000092000000, 0x0000000092000000| Untracked 
| 289|0x0000000092100000, 0x0000000092200000, 0x0000000092200000|100%| O|  |TAMS 0x0000000092100000, 0x0000000092100000| Untracked 
| 290|0x0000000092200000, 0x0000000092300000, 0x0000000092300000|100%| O|  |TAMS 0x0000000092200000, 0x0000000092200000| Untracked 
| 291|0x0000000092300000, 0x0000000092300000, 0x0000000092400000|  0%| F|  |TAMS 0x0000000092300000, 0x0000000092300000| Untracked 
| 292|0x0000000092400000, 0x0000000092400000, 0x0000000092500000|  0%| F|  |TAMS 0x0000000092400000, 0x0000000092400000| Untracked 
| 293|0x0000000092500000, 0x0000000092500000, 0x0000000092600000|  0%| F|  |TAMS 0x0000000092500000, 0x0000000092500000| Untracked 
| 294|0x0000000092600000, 0x0000000092600000, 0x0000000092700000|  0%| F|  |TAMS 0x0000000092600000, 0x0000000092600000| Untracked 
| 295|0x0000000092700000, 0x0000000092700000, 0x0000000092800000|  0%| F|  |TAMS 0x0000000092700000, 0x0000000092700000| Untracked 
| 296|0x0000000092800000, 0x0000000092800000, 0x0000000092900000|  0%| F|  |TAMS 0x0000000092800000, 0x0000000092800000| Untracked 
| 297|0x0000000092900000, 0x0000000092900000, 0x0000000092a00000|  0%| F|  |TAMS 0x0000000092900000, 0x0000000092900000| Untracked 
| 298|0x0000000092a00000, 0x0000000092a00000, 0x0000000092b00000|  0%| F|  |TAMS 0x0000000092a00000, 0x0000000092a00000| Untracked 
| 299|0x0000000092b00000, 0x0000000092b00000, 0x0000000092c00000|  0%| F|  |TAMS 0x0000000092b00000, 0x0000000092b00000| Untracked 
| 300|0x0000000092c00000, 0x0000000092c00000, 0x0000000092d00000|  0%| F|  |TAMS 0x0000000092c00000, 0x0000000092c00000| Untracked 
| 301|0x0000000092d00000, 0x0000000092d00000, 0x0000000092e00000|  0%| F|  |TAMS 0x0000000092d00000, 0x0000000092d00000| Untracked 
| 302|0x0000000092e00000, 0x0000000092e00000, 0x0000000092f00000|  0%| F|  |TAMS 0x0000000092e00000, 0x0000000092e00000| Untracked 
| 303|0x0000000092f00000, 0x0000000092f00000, 0x0000000093000000|  0%| F|  |TAMS 0x0000000092f00000, 0x0000000092f00000| Untracked 
| 304|0x0000000093000000, 0x0000000093000000, 0x0000000093100000|  0%| F|  |TAMS 0x0000000093000000, 0x0000000093000000| Untracked 
| 305|0x0000000093100000, 0x0000000093100000, 0x0000000093200000|  0%| F|  |TAMS 0x0000000093100000, 0x0000000093100000| Untracked 
| 306|0x0000000093200000, 0x0000000093200000, 0x0000000093300000|  0%| F|  |TAMS 0x0000000093200000, 0x0000000093200000| Untracked 
| 307|0x0000000093300000, 0x0000000093300000, 0x0000000093400000|  0%| F|  |TAMS 0x0000000093300000, 0x0000000093300000| Untracked 
| 308|0x0000000093400000, 0x0000000093400000, 0x0000000093500000|  0%| F|  |TAMS 0x0000000093400000, 0x0000000093400000| Untracked 
| 309|0x0000000093500000, 0x0000000093500000, 0x0000000093600000|  0%| F|  |TAMS 0x0000000093500000, 0x0000000093500000| Untracked 
| 310|0x0000000093600000, 0x0000000093600000, 0x0000000093700000|  0%| F|  |TAMS 0x0000000093600000, 0x0000000093600000| Untracked 
| 311|0x0000000093700000, 0x0000000093700000, 0x0000000093800000|  0%| F|  |TAMS 0x0000000093700000, 0x0000000093700000| Untracked 
| 312|0x0000000093800000, 0x0000000093800000, 0x0000000093900000|  0%| F|  |TAMS 0x0000000093800000, 0x0000000093800000| Untracked 
| 313|0x0000000093900000, 0x0000000093900000, 0x0000000093a00000|  0%| F|  |TAMS 0x0000000093900000, 0x0000000093900000| Untracked 
| 314|0x0000000093a00000, 0x0000000093a00000, 0x0000000093b00000|  0%| F|  |TAMS 0x0000000093a00000, 0x0000000093a00000| Untracked 
| 315|0x0000000093b00000, 0x0000000093b00000, 0x0000000093c00000|  0%| F|  |TAMS 0x0000000093b00000, 0x0000000093b00000| Untracked 
| 316|0x0000000093c00000, 0x0000000093c00000, 0x0000000093d00000|  0%| F|  |TAMS 0x0000000093c00000, 0x0000000093c00000| Untracked 
| 317|0x0000000093d00000, 0x0000000093d00000, 0x0000000093e00000|  0%| F|  |TAMS 0x0000000093d00000, 0x0000000093d00000| Untracked 
| 318|0x0000000093e00000, 0x0000000093e00000, 0x0000000093f00000|  0%| F|  |TAMS 0x0000000093e00000, 0x0000000093e00000| Untracked 
| 319|0x0000000093f00000, 0x0000000093f00000, 0x0000000094000000|  0%| F|  |TAMS 0x0000000093f00000, 0x0000000093f00000| Untracked 
| 320|0x0000000094000000, 0x0000000094000000, 0x0000000094100000|  0%| F|  |TAMS 0x0000000094000000, 0x0000000094000000| Untracked 
| 321|0x0000000094100000, 0x0000000094100000, 0x0000000094200000|  0%| F|  |TAMS 0x0000000094100000, 0x0000000094100000| Untracked 
| 322|0x0000000094200000, 0x0000000094200000, 0x0000000094300000|  0%| F|  |TAMS 0x0000000094200000, 0x0000000094200000| Untracked 
| 323|0x0000000094300000, 0x00000000943e50b0, 0x0000000094400000| 89%| S|CS|TAMS 0x0000000094300000, 0x0000000094300000| Complete 
| 324|0x0000000094400000, 0x0000000094400000, 0x0000000094500000|  0%| F|  |TAMS 0x0000000094400000, 0x0000000094400000| Untracked 
| 325|0x0000000094500000, 0x0000000094500000, 0x0000000094600000|  0%| F|  |TAMS 0x0000000094500000, 0x0000000094500000| Untracked 
| 326|0x0000000094600000, 0x0000000094600000, 0x0000000094700000|  0%| F|  |TAMS 0x0000000094600000, 0x0000000094600000| Untracked 
| 327|0x0000000094700000, 0x0000000094700000, 0x0000000094800000|  0%| F|  |TAMS 0x0000000094700000, 0x0000000094700000| Untracked 
| 328|0x0000000094800000, 0x0000000094800000, 0x0000000094900000|  0%| F|  |TAMS 0x0000000094800000, 0x0000000094800000| Untracked 
| 329|0x0000000094900000, 0x0000000094900000, 0x0000000094a00000|  0%| F|  |TAMS 0x0000000094900000, 0x0000000094900000| Untracked 
| 330|0x0000000094a00000, 0x0000000094a00000, 0x0000000094b00000|  0%| F|  |TAMS 0x0000000094a00000, 0x0000000094a00000| Untracked 
| 331|0x0000000094b00000, 0x0000000094b00000, 0x0000000094c00000|  0%| F|  |TAMS 0x0000000094b00000, 0x0000000094b00000| Untracked 
| 332|0x0000000094c00000, 0x0000000094c00000, 0x0000000094d00000|  0%| F|  |TAMS 0x0000000094c00000, 0x0000000094c00000| Untracked 
| 333|0x0000000094d00000, 0x0000000094d00000, 0x0000000094e00000|  0%| F|  |TAMS 0x0000000094d00000, 0x0000000094d00000| Untracked 
| 334|0x0000000094e00000, 0x0000000094e00000, 0x0000000094f00000|  0%| F|  |TAMS 0x0000000094e00000, 0x0000000094e00000| Untracked 
| 335|0x0000000094f00000, 0x0000000094f00000, 0x0000000095000000|  0%| F|  |TAMS 0x0000000094f00000, 0x0000000094f00000| Untracked 
| 336|0x0000000095000000, 0x0000000095000000, 0x0000000095100000|  0%| F|  |TAMS 0x0000000095000000, 0x0000000095000000| Untracked 
| 337|0x0000000095100000, 0x0000000095100000, 0x0000000095200000|  0%| F|  |TAMS 0x0000000095100000, 0x0000000095100000| Untracked 

Card table byte_map: [0x00000288cc350000,0x00000288cc750000] _byte_map_base: 0x00000288cbf50000

Marking Bits (Prev, Next): (CMBitMap*) 0x00000288b8e7b4a8, (CMBitMap*) 0x00000288b8e7b4e0
 Prev Bits: [0x00000288ccb50000, 0x00000288ceb50000)
 Next Bits: [0x00000288ceb50000, 0x00000288d0b50000)

Polling page: 0x00000288b74a0000

Metaspace:

Usage:
  Non-class:    123.81 MB capacity,   121.20 MB ( 98%) used,     2.19 MB (  2%) free+waste,   424.88 KB ( <1%) overhead. 
      Class:     18.64 MB capacity,    17.23 MB ( 92%) used,     1.22 MB (  7%) free+waste,   190.44 KB ( <1%) overhead. 
       Both:    142.45 MB capacity,   138.44 MB ( 97%) used,     3.42 MB (  2%) free+waste,   615.31 KB ( <1%) overhead. 

Virtual space:
  Non-class space:      124.00 MB reserved,     124.00 MB (100%) committed 
      Class space:        1.00 GB reserved,      18.75 MB (  2%) committed 
             Both:        1.12 GB reserved,     142.75 MB ( 12%) committed 

Chunk freelists:
   Non-Class:  4.00 KB
       Class:  0 bytes
        Both:  4.00 KB

MaxMetaspaceSize: 17179869184.00 GB
CompressedClassSpaceSize: 1.00 GB

CodeHeap 'non-profiled nmethods': size=120064Kb used=12733Kb max_used=12733Kb free=107330Kb
 bounds [0x00000288c43f0000, 0x00000288c5070000, 0x00000288cb930000]
CodeHeap 'profiled nmethods': size=120000Kb used=40457Kb max_used=40457Kb free=79542Kb
 bounds [0x00000288bcec0000, 0x00000288bf650000, 0x00000288c43f0000]
CodeHeap 'non-nmethods': size=5696Kb used=2383Kb max_used=2431Kb free=3312Kb
 bounds [0x00000288bc930000, 0x00000288bcba0000, 0x00000288bcec0000]
 total_blobs=18995 nmethods=17962 adapters=944
 compilation: enabled
              stopped_count=0, restarted_count=0
 full_count=0

Compilation events (20 events):
Event: 112.019 Thread 0x00000288d3ae3800 nmethod 19121 0x00000288bf64a990 code [0x00000288bf64ab60, 0x00000288bf64ad38]
Event: 112.019 Thread 0x00000288d317e000 19123       4       sun.nio.cs.UTF_8$Encoder::encodeArrayLoop (489 bytes)
Event: 112.019 Thread 0x00000288d3ae3800 19122       3       com.google.gson.stream.JsonWriter::beforeValue (135 bytes)
Event: 112.020 Thread 0x00000288d3ae3800 nmethod 19122 0x00000288bf64ae10 code [0x00000288bf64b080, 0x00000288bf64b9c8]
Event: 112.038 Thread 0x00000288d317e000 nmethod 19123 0x00000288c505e590 code [0x00000288c505e760, 0x00000288c505ed38]
Event: 112.041 Thread 0x00000288d3ae3800 19124       3       org.apache.tools.ant.Project$AntRefTable::getReal (6 bytes)
Event: 112.041 Thread 0x00000288d3ae3800 nmethod 19124 0x00000288bf64bd10 code [0x00000288bf64bec0, 0x00000288bf64bfe8]
Event: 112.042 Thread 0x00000288d3ae3800 19125   !   3       org.apache.tools.ant.Project::getReference (94 bytes)
Event: 112.045 Thread 0x00000288d3ae3800 nmethod 19125 0x00000288bf64c090 code [0x00000288bf64c400, 0x00000288bf64d988]
Event: 112.045 Thread 0x00000288d3ae3800 19126       3       org.apache.tools.ant.Project$AntRefTable::get (29 bytes)
Event: 112.045 Thread 0x00000288d3ae3800 nmethod 19126 0x00000288bf64e290 code [0x00000288bf64e480, 0x00000288bf64e988]
Event: 112.045 Thread 0x00000288d3ae3800 19127  s    3       org.apache.tools.ant.PropertyHelper::getPropertyHelper (48 bytes)
Event: 112.046 Thread 0x00000288d3ae3800 nmethod 19127 0x00000288bf64eb10 code [0x00000288bf64ed20, 0x00000288bf64f348]
Event: 112.046 Thread 0x00000288d317e000 19128       4       java.util.concurrent.ConcurrentHashMap$EntryIterator::next (5 bytes)
Event: 112.050 Thread 0x00000288d78da800 19129       4       java.util.concurrent.ConcurrentHashMap$EntryIterator::next (51 bytes)
Event: 112.061 Thread 0x00000288d317e000 nmethod 19128 0x00000288c505f290 code [0x00000288c505f440, 0x00000288c505f938]
Event: 112.066 Thread 0x00000288d78da800 nmethod 19129 0x00000288c505fb90 code [0x00000288c505fd40, 0x00000288c5060238]
Event: 112.069 Thread 0x00000288d3ae3800 19130       3       org.gradle.internal.resources.AbstractResourceLockRegistry::associateResourceLock (34 bytes)
Event: 112.070 Thread 0x00000288d3ae3800 nmethod 19130 0x00000288bf64f510 code [0x00000288bf64f700, 0x00000288bf64fa28]
Event: 112.070 Thread 0x00000288d3ae3800 19131       3       java.util.TreeMap::buildFromSorted (218 bytes)

GC Heap History (20 events):
Event: 99.842 GC heap after
{Heap after GC invocations=101 (full 0):
 garbage-first heap   total 287744K, used 220160K [0x0000000080000000, 0x0000000100000000)
  region size 1024K, 5 young (5120K), 5 survivors (5120K)
 Metaspace       used 137904K, capacity 141626K, committed 141824K, reserved 1173504K
  class space    used 17219K, capacity 18578K, committed 18688K, reserved 1048576K
}
Event: 100.733 GC heap before
{Heap before GC invocations=101 (full 0):
 garbage-first heap   total 287744K, used 238592K [0x0000000080000000, 0x0000000100000000)
  region size 1024K, 25 young (25600K), 5 survivors (5120K)
 Metaspace       used 139809K, capacity 143587K, committed 143872K, reserved 1173504K
  class space    used 17453K, capacity 18847K, committed 18944K, reserved 1048576K
}
Event: 100.754 GC heap after
{Heap after GC invocations=102 (full 0):
 garbage-first heap   total 287744K, used 220672K [0x0000000080000000, 0x0000000100000000)
  region size 1024K, 3 young (3072K), 3 survivors (3072K)
 Metaspace       used 139809K, capacity 143587K, committed 143872K, reserved 1173504K
  class space    used 17453K, capacity 18847K, committed 18944K, reserved 1048576K
}
Event: 101.356 GC heap before
{Heap before GC invocations=103 (full 0):
 garbage-first heap   total 287744K, used 240128K [0x0000000080000000, 0x0000000100000000)
  region size 1024K, 23 young (23552K), 3 survivors (3072K)
 Metaspace       used 140888K, capacity 144689K, committed 145024K, reserved 1175552K
  class space    used 17553K, capacity 18952K, committed 19072K, reserved 1048576K
}
Event: 101.378 GC heap after
{Heap after GC invocations=104 (full 0):
 garbage-first heap   total 287744K, used 228730K [0x0000000080000000, 0x0000000100000000)
  region size 1024K, 3 young (3072K), 3 survivors (3072K)
 Metaspace       used 140888K, capacity 144689K, committed 145024K, reserved 1175552K
  class space    used 17553K, capacity 18952K, committed 19072K, reserved 1048576K
}
Event: 101.473 GC heap before
{Heap before GC invocations=104 (full 0):
 garbage-first heap   total 287744K, used 238970K [0x0000000080000000, 0x0000000100000000)
  region size 1024K, 14 young (14336K), 3 survivors (3072K)
 Metaspace       used 140888K, capacity 144689K, committed 145024K, reserved 1175552K
  class space    used 17553K, capacity 18952K, committed 19072K, reserved 1048576K
}
Event: 101.498 GC heap after
{Heap after GC invocations=105 (full 0):
 garbage-first heap   total 287744K, used 225663K [0x0000000080000000, 0x0000000100000000)
  region size 1024K, 2 young (2048K), 2 survivors (2048K)
 Metaspace       used 140888K, capacity 144689K, committed 145024K, reserved 1175552K
  class space    used 17553K, capacity 18952K, committed 19072K, reserved 1048576K
}
Event: 101.543 GC heap before
{Heap before GC invocations=105 (full 0):
 garbage-first heap   total 287744K, used 236927K [0x0000000080000000, 0x0000000100000000)
  region size 1024K, 14 young (14336K), 2 survivors (2048K)
 Metaspace       used 140888K, capacity 144689K, committed 145024K, reserved 1175552K
  class space    used 17553K, capacity 18952K, committed 19072K, reserved 1048576K
}
Event: 101.561 GC heap after
{Heap after GC invocations=106 (full 0):
 garbage-first heap   total 287744K, used 236032K [0x0000000080000000, 0x0000000100000000)
  region size 1024K, 2 young (2048K), 2 survivors (2048K)
 Metaspace       used 140888K, capacity 144689K, committed 145024K, reserved 1175552K
  class space    used 17553K, capacity 18952K, committed 19072K, reserved 1048576K
}
Event: 101.603 GC heap before
{Heap before GC invocations=106 (full 0):
 garbage-first heap   total 287744K, used 248320K [0x0000000080000000, 0x0000000100000000)
  region size 1024K, 14 young (14336K), 2 survivors (2048K)
 Metaspace       used 140888K, capacity 144689K, committed 145024K, reserved 1175552K
  class space    used 17553K, capacity 18952K, committed 19072K, reserved 1048576K
}
Event: 101.631 GC heap after
{Heap after GC invocations=107 (full 0):
 garbage-first heap   total 287744K, used 246265K [0x0000000080000000, 0x0000000100000000)
  region size 1024K, 2 young (2048K), 2 survivors (2048K)
 Metaspace       used 140888K, capacity 144689K, committed 145024K, reserved 1175552K
  class space    used 17553K, capacity 18952K, committed 19072K, reserved 1048576K
}
Event: 101.728 GC heap before
{Heap before GC invocations=107 (full 0):
 garbage-first heap   total 287744K, used 258553K [0x0000000080000000, 0x0000000100000000)
  region size 1024K, 14 young (14336K), 2 survivors (2048K)
 Metaspace       used 140909K, capacity 144691K, committed 145024K, reserved 1175552K
  class space    used 17553K, capacity 18952K, committed 19072K, reserved 1048576K
}
Event: 101.756 GC heap after
{Heap after GC invocations=108 (full 0):
 garbage-first heap   total 346112K, used 254857K [0x0000000080000000, 0x0000000100000000)
  region size 1024K, 2 young (2048K), 2 survivors (2048K)
 Metaspace       used 140909K, capacity 144691K, committed 145024K, reserved 1175552K
  class space    used 17553K, capacity 18952K, committed 19072K, reserved 1048576K
}
Event: 102.145 GC heap before
{Heap before GC invocations=108 (full 0):
 garbage-first heap   total 346112K, used 274313K [0x0000000080000000, 0x0000000100000000)
  region size 1024K, 21 young (21504K), 2 survivors (2048K)
 Metaspace       used 140985K, capacity 144822K, committed 145024K, reserved 1175552K
  class space    used 17553K, capacity 18952K, committed 19072K, reserved 1048576K
}
Event: 102.167 GC heap after
{Heap after GC invocations=109 (full 0):
 garbage-first heap   total 346112K, used 272384K [0x0000000080000000, 0x0000000100000000)
  region size 1024K, 3 young (3072K), 3 survivors (3072K)
 Metaspace       used 140985K, capacity 144822K, committed 145024K, reserved 1175552K
  class space    used 17553K, capacity 18952K, committed 19072K, reserved 1048576K
}
Event: 102.267 GC heap before
{Heap before GC invocations=109 (full 0):
 garbage-first heap   total 346112K, used 285696K [0x0000000080000000, 0x0000000100000000)
  region size 1024K, 16 young (16384K), 3 survivors (3072K)
 Metaspace       used 140985K, capacity 144822K, committed 145024K, reserved 1175552K
  class space    used 17553K, capacity 18952K, committed 19072K, reserved 1048576K
}
Event: 102.292 GC heap after
{Heap after GC invocations=110 (full 0):
 garbage-first heap   total 346112K, used 285696K [0x0000000080000000, 0x0000000100000000)
  region size 1024K, 2 young (2048K), 2 survivors (2048K)
 Metaspace       used 140985K, capacity 144822K, committed 145024K, reserved 1175552K
  class space    used 17553K, capacity 18952K, committed 19072K, reserved 1048576K
}
Event: 102.406 GC heap before
{Heap before GC invocations=110 (full 0):
 garbage-first heap   total 346112K, used 300032K [0x0000000080000000, 0x0000000100000000)
  region size 1024K, 16 young (16384K), 2 survivors (2048K)
 Metaspace       used 141034K, capacity 144886K, committed 145024K, reserved 1175552K
  class space    used 17554K, capacity 18952K, committed 19072K, reserved 1048576K
}
Event: 102.442 GC heap after
{Heap after GC invocations=111 (full 0):
 garbage-first heap   total 346112K, used 300032K [0x0000000080000000, 0x0000000100000000)
  region size 1024K, 2 young (2048K), 2 survivors (2048K)
 Metaspace       used 141034K, capacity 144886K, committed 145024K, reserved 1175552K
  class space    used 17554K, capacity 18952K, committed 19072K, reserved 1048576K
}
Event: 112.071 GC heap before
{Heap before GC invocations=112 (full 0):
 garbage-first heap   total 346112K, used 287744K [0x0000000080000000, 0x0000000100000000)
  region size 1024K, 16 young (16384K), 2 survivors (2048K)
 Metaspace       used 141758K, capacity 145871K, committed 146176K, reserved 1175552K
  class space    used 17646K, capacity 19091K, committed 19200K, reserved 1048576K
}

Deoptimization events (20 events):
Event: 103.430 Thread 0x00000288d78d9800 DEOPT PACKING pc=0x00000288c4842a7c sp=0x000000fc9b2fd6e0
Event: 103.430 Thread 0x00000288d78d9800 DEOPT UNPACKING pc=0x00000288bc956a29 sp=0x000000fc9b2fd670 mode 2
Event: 111.983 Thread 0x00000288d50d5000 Uncommon trap: trap_request=0xffffff4d fr.pc=0x00000288c4789180 relative=0x0000000000000840
Event: 111.983 Thread 0x00000288d50d5000 Uncommon trap: reason=unstable_if action=reinterpret pc=0x00000288c4789180 method=java.util.regex.Matcher.search(I)Z @ 76 c2
Event: 111.983 Thread 0x00000288d50d5000 DEOPT PACKING pc=0x00000288c4789180 sp=0x000000fc988fb940
Event: 111.983 Thread 0x00000288d50d5000 DEOPT UNPACKING pc=0x00000288bc956a29 sp=0x000000fc988fb910 mode 2
Event: 111.997 Thread 0x00000288d58b8000 Uncommon trap: trap_request=0xffffffd6 fr.pc=0x00000288c502a83c relative=0x000000000000203c
Event: 111.997 Thread 0x00000288d58b8000 Uncommon trap: reason=array_check action=maybe_recompile pc=0x00000288c502a83c method=java.util.TimSort.reverseRange([Ljava/lang/Object;II)V @ 20 c2
Event: 111.997 Thread 0x00000288d58b8000 DEOPT PACKING pc=0x00000288c502a83c sp=0x000000fc98bfc2e0
Event: 111.997 Thread 0x00000288d58b8000 DEOPT UNPACKING pc=0x00000288bc956a29 sp=0x000000fc98bfc198 mode 2
Event: 111.997 Thread 0x00000288d58b8000 Uncommon trap: trap_request=0xffffffd6 fr.pc=0x00000288c502a83c relative=0x000000000000203c
Event: 111.997 Thread 0x00000288d58b8000 Uncommon trap: reason=array_check action=maybe_recompile pc=0x00000288c502a83c method=java.util.TimSort.reverseRange([Ljava/lang/Object;II)V @ 20 c2
Event: 111.997 Thread 0x00000288d58b8000 DEOPT PACKING pc=0x00000288c502a83c sp=0x000000fc98bfc2e0
Event: 111.997 Thread 0x00000288d58b8000 DEOPT UNPACKING pc=0x00000288bc956a29 sp=0x000000fc98bfc198 mode 2
Event: 111.997 Thread 0x00000288d50d5000 Uncommon trap: trap_request=0xffffff4d fr.pc=0x00000288c4846ce0 relative=0x0000000000000200
Event: 111.997 Thread 0x00000288d50d5000 Uncommon trap: reason=unstable_if action=reinterpret pc=0x00000288c4846ce0 method=org.gradle.internal.util.Trie.find(Ljava/lang/CharSequence;)Z @ 91 c2
Event: 111.997 Thread 0x00000288d50d5000 DEOPT PACKING pc=0x00000288c4846ce0 sp=0x000000fc988fba80
Event: 111.997 Thread 0x00000288d50d5000 DEOPT UNPACKING pc=0x00000288bc956a29 sp=0x000000fc988fb9d8 mode 2
Event: 112.020 Thread 0x00000288d50d5000 DEOPT PACKING pc=0x00000288bee8ba78 sp=0x000000fc988fb710
Event: 112.020 Thread 0x00000288d50d5000 DEOPT UNPACKING pc=0x00000288bc95683f sp=0x000000fc988fac78 mode 0

Classes redefined (0 events):
No events

Internal exceptions (20 events):
Event: 101.009 Thread 0x00000288db32a800 Exception <a 'sun/nio/fs/WindowsException'{0x0000000090957f08}> (0x0000000090957f08) thrown at [./src/hotspot/share/prims/jni.cpp, line 615]
Event: 101.009 Thread 0x00000288db32a800 Exception <a 'sun/nio/fs/WindowsException'{0x0000000090958880}> (0x0000000090958880) thrown at [./src/hotspot/share/prims/jni.cpp, line 615]
Event: 101.009 Thread 0x00000288db32a800 Exception <a 'sun/nio/fs/WindowsException'{0x00000000909590e8}> (0x00000000909590e8) thrown at [./src/hotspot/share/prims/jni.cpp, line 615]
Event: 101.010 Thread 0x00000288db32a800 Exception <a 'sun/nio/fs/WindowsException'{0x0000000090959af0}> (0x0000000090959af0) thrown at [./src/hotspot/share/prims/jni.cpp, line 615]
Event: 101.010 Thread 0x00000288db32a800 Exception <a 'sun/nio/fs/WindowsException'{0x0000000090959b70}> (0x0000000090959b70) thrown at [./src/hotspot/share/prims/jni.cpp, line 615]
Event: 101.010 Thread 0x00000288db32a800 Exception <a 'sun/nio/fs/WindowsException'{0x000000009095ad88}> (0x000000009095ad88) thrown at [./src/hotspot/share/prims/jni.cpp, line 615]
Event: 101.018 Thread 0x00000288db32a800 Exception <a 'sun/nio/fs/WindowsException'{0x0000000090969c10}> (0x0000000090969c10) thrown at [./src/hotspot/share/prims/jni.cpp, line 615]
Event: 101.019 Thread 0x00000288db32a800 Exception <a 'sun/nio/fs/WindowsException'{0x000000009096a650}> (0x000000009096a650) thrown at [./src/hotspot/share/prims/jni.cpp, line 615]
Event: 101.076 Thread 0x00000288db32a800 Exception <a 'sun/nio/fs/WindowsException'{0x000000009087a350}> (0x000000009087a350) thrown at [./src/hotspot/share/prims/jni.cpp, line 615]
Event: 101.077 Thread 0x00000288db32a800 Exception <a 'sun/nio/fs/WindowsException'{0x000000009087adb8}> (0x000000009087adb8) thrown at [./src/hotspot/share/prims/jni.cpp, line 615]
Event: 101.085 Thread 0x00000288db32a800 Exception <a 'sun/nio/fs/WindowsException'{0x0000000090896ea8}> (0x0000000090896ea8) thrown at [./src/hotspot/share/prims/jni.cpp, line 615]
Event: 101.085 Thread 0x00000288db32a800 Exception <a 'sun/nio/fs/WindowsException'{0x0000000090897908}> (0x0000000090897908) thrown at [./src/hotspot/share/prims/jni.cpp, line 615]
Event: 101.509 Thread 0x00000288db32a800 Implicit null exception at 0x00000288c4539775 to 0x00000288c4539b7c
Event: 102.623 Thread 0x00000288db32a800 Exception <a 'java/lang/NoSuchMethodError'{0x0000000094e903f0}: <clinit>> (0x0000000094e903f0) thrown at [./src/hotspot/share/prims/jni.cpp, line 1362]
Event: 102.632 Thread 0x00000288db32a800 Exception <a 'java/lang/NoSuchMethodError'{0x0000000094e9e3b0}: <clinit>> (0x0000000094e9e3b0) thrown at [./src/hotspot/share/prims/jni.cpp, line 1362]
Event: 102.641 Thread 0x00000288db32a800 Exception <a 'java/lang/NoSuchMethodError'{0x0000000094eba040}: <clinit>> (0x0000000094eba040) thrown at [./src/hotspot/share/prims/jni.cpp, line 1362]
Event: 102.800 Thread 0x00000288db32a800 Implicit null exception at 0x00000288c4b14a7f to 0x00000288c4b14f04
Event: 111.921 Thread 0x00000288db321800 Exception <a 'java/lang/reflect/InvocationTargetException'{0x00000000946c4598}> (0x00000000946c4598) thrown at [./src/hotspot/share/runtime/reflection.cpp, line 1247]
Event: 111.994 Thread 0x00000288d58b8000 Exception <a 'java/lang/NoSuchMethodError'{0x0000000094463738}: <clinit>> (0x0000000094463738) thrown at [./src/hotspot/share/prims/jni.cpp, line 1362]
Event: 111.997 Thread 0x00000288d58b8000 Exception <a 'java/lang/NoSuchMethodError'{0x0000000094479148}: <clinit>> (0x0000000094479148) thrown at [./src/hotspot/share/prims/jni.cpp, line 1362]

Events (20 events):
Event: 111.984 loading class java/util/logging/LogRecord
Event: 111.985 loading class java/util/logging/LogRecord done
Event: 111.991 Thread 0x00000288db320000 Thread exited: 0x00000288db320000
Event: 111.993 loading class com/android/ide/common/attribution/AndroidGradlePluginAttributionData
Event: 111.993 loading class com/android/ide/common/attribution/AndroidGradlePluginAttributionData done
Event: 111.996 loading class com/android/ide/common/attribution/AndroidGradlePluginAttributionData$Companion
Event: 111.996 loading class com/android/ide/common/attribution/AndroidGradlePluginAttributionData$Companion done
Event: 112.005 loading class com/android/ide/common/attribution/AndroidGradlePluginAttributionData$AttributionDataAdapter
Event: 112.005 loading class com/android/ide/common/attribution/AndroidGradlePluginAttributionData$AttributionDataAdapter done
Event: 112.011 loading class com/android/ide/common/attribution/AndroidGradlePluginAttributionData$AttributionDataAdapter$write$1
Event: 112.011 loading class com/android/ide/common/attribution/AndroidGradlePluginAttributionData$AttributionDataAdapter$write$1 done
Event: 112.014 loading class com/android/ide/common/attribution/AndroidGradlePluginAttributionData$AttributionDataAdapter$write$2
Event: 112.014 loading class com/android/ide/common/attribution/AndroidGradlePluginAttributionData$AttributionDataAdapter$write$2 done
Event: 112.015 loading class com/android/ide/common/attribution/AndroidGradlePluginAttributionData$AttributionDataAdapter$write$3
Event: 112.015 loading class com/android/ide/common/attribution/AndroidGradlePluginAttributionData$AttributionDataAdapter$write$3 done
Event: 112.016 loading class com/android/ide/common/attribution/AndroidGradlePluginAttributionData$AttributionDataAdapter$write$4
Event: 112.016 loading class com/android/ide/common/attribution/AndroidGradlePluginAttributionData$AttributionDataAdapter$write$4 done
Event: 112.017 loading class com/android/ide/common/attribution/AndroidGradlePluginAttributionData$AttributionDataAdapter$write$5
Event: 112.017 loading class com/android/ide/common/attribution/AndroidGradlePluginAttributionData$AttributionDataAdapter$write$5 done
Event: 112.071 Executing VM operation: G1CollectForAllocation


Dynamic libraries:
0x00007ff6647a0000 - 0x00007ff6647aa000 	C:\Program Files\Android\Android Studio\jre\bin\java.exe
0x00007ffc13e50000 - 0x00007ffc14044000 	C:\Windows\SYSTEM32\ntdll.dll
0x00007ffc12800000 - 0x00007ffc128bd000 	C:\Windows\System32\KERNEL32.DLL
0x00007ffc115a0000 - 0x00007ffc11867000 	C:\Windows\System32\KERNELBASE.dll
0x00007ffc11c30000 - 0x00007ffc11d30000 	C:\Windows\System32\ucrtbase.dll
0x00007ffc01610000 - 0x00007ffc01629000 	C:\Program Files\Android\Android Studio\jre\bin\jli.dll
0x00007ffc12020000 - 0x00007ffc121c0000 	C:\Windows\System32\USER32.dll
0x00007ffc11db0000 - 0x00007ffc11dd2000 	C:\Windows\System32\win32u.dll
0x00007ffc12f90000 - 0x00007ffc12fba000 	C:\Windows\System32\GDI32.dll
0x00007ffc11970000 - 0x00007ffc11a7a000 	C:\Windows\System32\gdi32full.dll
0x00007ffc11870000 - 0x00007ffc1190d000 	C:\Windows\System32\msvcp_win.dll
0x00007ffc015f0000 - 0x00007ffc01607000 	C:\Program Files\Android\Android Studio\jre\bin\VCRUNTIME140.dll
0x00007ffc02380000 - 0x00007ffc0261a000 	C:\Windows\WinSxS\amd64_microsoft.windows.common-controls_6595b64144ccf1df_6.0.19041.1_none_b555e41d4684ddec\COMCTL32.dll
0x00007ffc13240000 - 0x00007ffc132de000 	C:\Windows\System32\msvcrt.dll
0x00007ffc12360000 - 0x00007ffc12390000 	C:\Windows\System32\IMM32.DLL
0x00007ffbee0e0000 - 0x00007ffbee17d000 	C:\Program Files\Android\Android Studio\jre\bin\msvcp140.dll
0x00007ffbefc40000 - 0x00007ffbf070f000 	C:\Program Files\Android\Android Studio\jre\bin\server\jvm.dll
0x00007ffc13360000 - 0x00007ffc1340a000 	C:\Windows\System32\ADVAPI32.dll
0x00007ffc121c0000 - 0x00007ffc1225b000 	C:\Windows\System32\sechost.dll
0x00007ffc13bb0000 - 0x00007ffc13cd3000 	C:\Windows\System32\RPCRT4.dll
0x00007ffc12920000 - 0x00007ffc12928000 	C:\Windows\System32\PSAPI.DLL
0x00007ffc0d0e0000 - 0x00007ffc0d0e9000 	C:\Windows\SYSTEM32\WSOCK32.dll
0x00007ffc132e0000 - 0x00007ffc1334b000 	C:\Windows\System32\WS2_32.dll
0x00007ffc09890000 - 0x00007ffc098b7000 	C:\Windows\SYSTEM32\WINMM.dll
0x00007ffc04850000 - 0x00007ffc0485a000 	C:\Windows\SYSTEM32\VERSION.dll
0x00007ffc0f530000 - 0x00007ffc0f543000 	C:\Windows\SYSTEM32\kernel.appcore.dll
0x00007ffc076b0000 - 0x00007ffc076c1000 	C:\Program Files\Android\Android Studio\jre\bin\verify.dll
0x00007ffc02ef0000 - 0x00007ffc030d4000 	C:\Windows\SYSTEM32\DBGHELP.DLL
0x00007ffc02ec0000 - 0x00007ffc02eec000 	C:\Windows\SYSTEM32\dbgcore.DLL
0x00007ffc11d30000 - 0x00007ffc11daf000 	C:\Windows\System32\bcryptPrimitives.dll
0x00007ffc03180000 - 0x00007ffc031a9000 	C:\Program Files\Android\Android Studio\jre\bin\java.dll
0x00007ffc0bc00000 - 0x00007ffc0bc0b000 	C:\Program Files\Android\Android Studio\jre\bin\jimage.dll
0x00007ffc03230000 - 0x00007ffc03248000 	C:\Program Files\Android\Android Studio\jre\bin\zip.dll
0x00007ffc13410000 - 0x00007ffc13b44000 	C:\Windows\System32\SHELL32.dll
0x00007ffc0f730000 - 0x00007ffc0febe000 	C:\Windows\SYSTEM32\windows.storage.dll
0x00007ffc12a60000 - 0x00007ffc12db3000 	C:\Windows\System32\combase.dll
0x00007ffc11020000 - 0x00007ffc1104b000 	C:\Windows\SYSTEM32\Wldp.dll
0x00007ffc12fe0000 - 0x00007ffc1308e000 	C:\Windows\System32\SHCORE.dll
0x00007ffc122f0000 - 0x00007ffc12345000 	C:\Windows\System32\shlwapi.dll
0x00007ffc114e0000 - 0x00007ffc114ff000 	C:\Windows\SYSTEM32\profapi.dll
0x00007ffc02200000 - 0x00007ffc0221a000 	C:\Program Files\Android\Android Studio\jre\bin\net.dll
0x00007ffc0b9f0000 - 0x00007ffc0baf0000 	C:\Windows\SYSTEM32\WINHTTP.dll
0x00007ffc10da0000 - 0x00007ffc10e0a000 	C:\Windows\system32\mswsock.dll
0x00007ffc021e0000 - 0x00007ffc021f4000 	C:\Program Files\Android\Android Studio\jre\bin\nio.dll
0x00007ffc002f0000 - 0x00007ffc00317000 	C:\Users\DELL\.gradle\native\8bec1ad78214c89d9ad589b4d07fe93259594b29d510b10fafb7a158f7737e5d\windows-amd64\native-platform.dll
0x00007ffbed8e0000 - 0x00007ffbeda1d000 	C:\Users\DELL\.gradle\native\53dbd7edfb1c66fb8903c78663c9afc45aea4f116125fa6feffd364cf09443e8\windows-amd64\native-platform-file-events.dll
0x00007ffc09ff0000 - 0x00007ffc09ffa000 	C:\Program Files\Android\Android Studio\jre\bin\management.dll
0x00007ffc05cf0000 - 0x00007ffc05cfc000 	C:\Program Files\Android\Android Studio\jre\bin\management_ext.dll
0x00007ffc10f70000 - 0x00007ffc10f88000 	C:\Windows\SYSTEM32\CRYPTSP.dll
0x00007ffc106c0000 - 0x00007ffc106f4000 	C:\Windows\system32\rsaenh.dll
0x00007ffc11de0000 - 0x00007ffc11e07000 	C:\Windows\System32\bcrypt.dll
0x00007ffc114a0000 - 0x00007ffc114ce000 	C:\Windows\SYSTEM32\USERENV.dll
0x00007ffc10f90000 - 0x00007ffc10f9c000 	C:\Windows\SYSTEM32\CRYPTBASE.dll
0x00007ffc10a40000 - 0x00007ffc10a7b000 	C:\Windows\SYSTEM32\IPHLPAPI.DLL
0x00007ffc13350000 - 0x00007ffc13359000 	C:\Windows\System32\NSI.dll
0x00007ffc08ed0000 - 0x00007ffc08ee7000 	C:\Windows\SYSTEM32\dhcpcsvc6.DLL
0x00007ffc09ba0000 - 0x00007ffc09bbd000 	C:\Windows\SYSTEM32\dhcpcsvc.DLL
0x00007ffc10a90000 - 0x00007ffc10b5a000 	C:\Windows\SYSTEM32\DNSAPI.dll
0x00007ffc01000000 - 0x00007ffc01027000 	C:\Program Files\Android\Android Studio\jre\bin\sunec.dll
0x00007ffc10310000 - 0x00007ffc10343000 	C:\Windows\SYSTEM32\ntmarta.dll
0x00007ffc05940000 - 0x00007ffc0594a000 	C:\Windows\System32\rasadhlp.dll
0x00007ffc05a20000 - 0x00007ffc05a9f000 	C:\Windows\System32\fwpuclnt.dll
0x00007ffc015d0000 - 0x00007ffc015ee000 	C:\Users\DELL\AppData\Local\Temp\native-platform16339776422573438182dir\native-platform.dll
0x00007ffc04fe0000 - 0x00007ffc04fe8000 	C:\Program Files\Android\Android Studio\jre\bin\rmi.dll

dbghelp: loaded successfully - version: 4.0.5 - missing functions: none
symbol engine: initialized successfully - sym options: 0x614 - pdb path: .;C:\Program Files\Android\Android Studio\jre\bin;C:\Windows\SYSTEM32;C:\Windows\WinSxS\amd64_microsoft.windows.common-controls_6595b64144ccf1df_6.0.19041.1_none_b555e41d4684ddec;C:\Program Files\Android\Android Studio\jre\bin\server;C:\Users\DELL\.gradle\native\8bec1ad78214c89d9ad589b4d07fe93259594b29d510b10fafb7a158f7737e5d\windows-amd64;C:\Users\DELL\.gradle\native\53dbd7edfb1c66fb8903c78663c9afc45aea4f116125fa6feffd364cf09443e8\windows-amd64;C:\Users\DELL\AppData\Local\Temp\native-platform16339776422573438182dir

VM Arguments:
jvm_args: --add-opens=java.base/java.util=ALL-UNNAMED --add-opens=java.base/java.lang=ALL-UNNAMED --add-opens=java.base/java.lang.invoke=ALL-UNNAMED --add-opens=java.base/java.util=ALL-UNNAMED --add-opens=java.prefs/java.util.prefs=ALL-UNNAMED --add-opens=java.prefs/java.util.prefs=ALL-UNNAMED --add-opens=java.base/java.nio.charset=ALL-UNNAMED --add-opens=java.base/java.net=ALL-UNNAMED --add-opens=java.base/java.util.concurrent.atomic=ALL-UNNAMED -Xmx2048m -Dfile.encoding=UTF-8 -Duser.country=US -Duser.language=en -Duser.variant 
java_command: org.gradle.launcher.daemon.bootstrap.GradleDaemon 7.0.2
java_class_path (initial): C:\Users\DELL\.gradle\wrapper\dists\gradle-7.0.2-bin\857tjihv64xamwrf0h14cai3r\gradle-7.0.2\lib\gradle-launcher-7.0.2.jar
Launcher Type: SUN_STANDARD

[Global flags]
     intx CICompilerCount                          = 3                                         {product} {ergonomic}
     uint ConcGCThreads                            = 1                                         {product} {ergonomic}
     uint G1ConcRefinementThreads                  = 4                                         {product} {ergonomic}
   size_t G1HeapRegionSize                         = 1048576                                   {product} {ergonomic}
    uintx GCDrainStackTargetSize                   = 64                                        {product} {ergonomic}
   size_t InitialHeapSize                          = 65011712                                  {product} {ergonomic}
   size_t MarkStackSize                            = 4194304                                   {product} {ergonomic}
   size_t MaxHeapSize                              = 2147483648                                {product} {command line}
   size_t MaxNewSize                               = 1287651328                                {product} {ergonomic}
   size_t MinHeapDeltaBytes                        = 1048576                                   {product} {ergonomic}
    uintx NonNMethodCodeHeapSize                   = 5830732                                {pd product} {ergonomic}
    uintx NonProfiledCodeHeapSize                  = 122913754                              {pd product} {ergonomic}
    uintx ProfiledCodeHeapSize                     = 122913754                              {pd product} {ergonomic}
    uintx ReservedCodeCacheSize                    = 251658240                              {pd product} {ergonomic}
     bool SegmentedCodeCache                       = true                                      {product} {ergonomic}
     bool UseCompressedClassPointers               = true                                 {lp64_product} {ergonomic}
     bool UseCompressedOops                        = true                                 {lp64_product} {ergonomic}
     bool UseG1GC                                  = true                                      {product} {ergonomic}
     bool UseLargePagesIndividualAllocation        = false                                  {pd product} {ergonomic}

Logging:
Log output configuration:
 #0: stdout all=warning uptime,level,tags
 #1: stderr all=off uptime,level,tags

Environment Variables:
JAVA_HOME=C:\Progra~1\Java\jdk-10.0.2
PATH=C:\Program Files (x86)\Common Files\Oracle\Java\javapath;C:\Windows\system32;C:\Windows;C:\Windows\System32\Wbem;C:\Windows\System32\WindowsPowerShell\v1.0\;C:\Windows\System32\OpenSSH\;C:\Program Files\Git\cmd;C:\Sdk\tools;C:\Sdk\platform-tools;C:\xampp\php;C:\composer;C:\xampp\mysql\bin;C:\Users\DELL\AppData\Local\Microsoft\WindowsApps;;C:\Users\DELL\AppData\Local\Programs\Microsoft VS Code\bin;C:\Users\DELL\AppData\Roaming\Composer\vendor\bin
USERNAME=CuriousDev
OS=Windows_NT
PROCESSOR_IDENTIFIER=Intel64 Family 6 Model 37 Stepping 5, GenuineIntel



---------------  S Y S T E M  ---------------

OS: Windows 10 , 64 bit Build 19041 (10.0.19041.292)
OS uptime: 2 days 5:44 hours

CPU:total 4 (initial active 4) (2 cores per cpu, 2 threads per core) family 6 model 37 stepping 5 microcode 0x7, cmov, cx8, fxsr, mmx, sse, sse2, sse3, ssse3, sse4.1, sse4.2, popcnt, ht, tsc, tscinvbit

Memory: 4k page, system-wide physical 3894M (966M free)
TotalPageFile size 7052M (AvailPageFile size 64M)
current process WorkingSet (physical memory assigned to process): 567M, peak: 605M
current process commit charge ("private bytes"): 710M, peak: 840M

vm_info: OpenJDK 64-Bit Server VM (11.0.10+0-b96-7249189) for windows-amd64 JRE (11.0.10+0-b96-7249189), built on Mar 31 2021 21:44:00 by "builder" with MS VC++ 14.0 (VS2015)

END.
